This is pdfTeX, Version 3.141592653-2.6-1.40.27 (TeX Live 2025) (preloaded format=pdflatex 2025.5.6)  15 JAN 2026 18:18
entering extended mode
 restricted \write18 enabled.
 file:line:error style messages enabled.
 %&-line parsing enabled.
**/Users/kazuya/Projects/network-localization/thesis/paper/paper.tex
(/Users/kazuya/Projects/network-localization/thesis/paper/paper.tex
LaTeX2e <2024-11-01> patch level 2
L3 programming layer <2025-01-18>
(./iscs-thesis.cls
Document Class: iscs-thesis 2014/09/02 v1.3b Dept of IS/CS thesis class
\bindoffset=\skip49
\c@part=\count196
\c@chapter=\count197
\c@section=\count198
\c@subsection=\count199
\c@subsubsection=\count266
\c@paragraph=\count267
\c@subparagraph=\count268
\eabstractbox=\box52
\jabstractbox=\box53
\c@figure=\count269
\c@table=\count270
\abovecaptionskip=\skip50
\belowcaptionskip=\skip51
\bibindent=\dimen141
) (/usr/local/texlive/2025/texmf-dist/tex/latex/cite/cite.sty
LaTeX Info: Redefining \cite on input line 302.
LaTeX Info: Redefining \nocite on input line 332.
Package: cite 2015/02/27  v 5.5
) (/usr/local/texlive/2025/texmf-dist/tex/latex/amsmath/amsmath.sty
Package: amsmath 2024/11/05 v2.17t AMS math features
\@mathmargin=\skip52

For additional information on amsmath, use the `?' option.
(/usr/local/texlive/2025/texmf-dist/tex/latex/amsmath/amstext.sty
Package: amstext 2021/08/26 v2.01 AMS text
 (/usr/local/texlive/2025/texmf-dist/tex/latex/amsmath/amsgen.sty
File: amsgen.sty 1999/11/30 v2.0 generic functions
\@emptytoks=\toks17
\ex@=\dimen142
)) (/usr/local/texlive/2025/texmf-dist/tex/latex/amsmath/amsbsy.sty
Package: amsbsy 1999/11/29 v1.2d Bold Symbols
\pmbraise@=\dimen143
) (/usr/local/texlive/2025/texmf-dist/tex/latex/amsmath/amsopn.sty
Package: amsopn 2022/04/08 v2.04 operator names
)
\inf@bad=\count271
LaTeX Info: Redefining \frac on input line 233.
\uproot@=\count272
\leftroot@=\count273
LaTeX Info: Redefining \overline on input line 398.
LaTeX Info: Redefining \colon on input line 409.
\classnum@=\count274
\DOTSCASE@=\count275
LaTeX Info: Redefining \ldots on input line 495.
LaTeX Info: Redefining \dots on input line 498.
LaTeX Info: Redefining \cdots on input line 619.
\Mathstrutbox@=\box54
\strutbox@=\box55
LaTeX Info: Redefining \big on input line 721.
LaTeX Info: Redefining \Big on input line 722.
LaTeX Info: Redefining \bigg on input line 723.
LaTeX Info: Redefining \Bigg on input line 724.
\big@size=\dimen144
LaTeX Font Info:    Redeclaring font encoding OML on input line 742.
LaTeX Font Info:    Redeclaring font encoding OMS on input line 743.
\macc@depth=\count276
LaTeX Info: Redefining \bmod on input line 904.
LaTeX Info: Redefining \pmod on input line 909.
LaTeX Info: Redefining \smash on input line 939.
LaTeX Info: Redefining \relbar on input line 969.
LaTeX Info: Redefining \Relbar on input line 970.
\c@MaxMatrixCols=\count277
\dotsspace@=\muskip17
\c@parentequation=\count278
\dspbrk@lvl=\count279
\tag@help=\toks18
\row@=\count280
\column@=\count281
\maxfields@=\count282
\andhelp@=\toks19
\eqnshift@=\dimen145
\alignsep@=\dimen146
\tagshift@=\dimen147
\tagwidth@=\dimen148
\totwidth@=\dimen149
\lineht@=\dimen150
\@envbody=\toks20
\multlinegap=\skip53
\multlinetaggap=\skip54
\mathdisplay@stack=\toks21
LaTeX Info: Redefining \[ on input line 2953.
LaTeX Info: Redefining \] on input line 2954.
) (/usr/local/texlive/2025/texmf-dist/tex/latex/amsfonts/amssymb.sty
Package: amssymb 2013/01/14 v3.01 AMS font symbols
 (/usr/local/texlive/2025/texmf-dist/tex/latex/amsfonts/amsfonts.sty
Package: amsfonts 2013/01/14 v3.01 Basic AMSFonts support
\symAMSa=\mathgroup4
\symAMSb=\mathgroup5
LaTeX Font Info:    Redeclaring math symbol \hbar on input line 98.
LaTeX Font Info:    Overwriting math alphabet `\mathfrak' in version `bold'
(Font)                  U/euf/m/n --> U/euf/b/n on input line 106.
)) (/usr/local/texlive/2025/texmf-dist/tex/latex/graphics/graphicx.sty
Package: graphicx 2021/09/16 v1.2d Enhanced LaTeX Graphics (DPC,SPQR)
 (/usr/local/texlive/2025/texmf-dist/tex/latex/graphics/keyval.sty
Package: keyval 2022/05/29 v1.15 key=value parser (DPC)
\KV@toks@=\toks22
) (/usr/local/texlive/2025/texmf-dist/tex/latex/graphics/graphics.sty
Package: graphics 2024/08/06 v1.4g Standard LaTeX Graphics (DPC,SPQR)
 (/usr/local/texlive/2025/texmf-dist/tex/latex/graphics/trig.sty
Package: trig 2023/12/02 v1.11 sin cos tan (DPC)
) (/usr/local/texlive/2025/texmf-dist/tex/latex/graphics-cfg/graphics.cfg
File: graphics.cfg 2016/06/04 v1.11 sample graphics configuration
)
Package graphics Info: Driver file: dvipdfmx.def on input line 106.
 (/usr/local/texlive/2025/texmf-dist/tex/latex/graphics-def/dvipdfmx.def
File: dvipdfmx.def 2022/09/22 v5.0m Graphics/color driver for dvipdfmx
))
\Gin@req@height=\dimen151
\Gin@req@width=\dimen152
) (/usr/local/texlive/2025/texmf-dist/tex/latex/base/textcomp.sty
Package: textcomp 2024/04/24 v2.1b Standard LaTeX package
) (/usr/local/texlive/2025/texmf-dist/tex/latex/multirow/multirow.sty
Package: multirow 2024/11/12 v2.9 Span multiple rows of a table
\multirow@colwidth=\skip55
\multirow@cntb=\count283
\multirow@dima=\skip56
\bigstrutjot=\dimen153
) (/usr/local/texlive/2025/texmf-dist/tex/latex/booktabs/booktabs.sty
Package: booktabs 2020/01/12 v1.61803398 Publication quality tables
\heavyrulewidth=\dimen154
\lightrulewidth=\dimen155
\cmidrulewidth=\dimen156
\belowrulesep=\dimen157
\belowbottomsep=\dimen158
\aboverulesep=\dimen159
\abovetopsep=\dimen160
\cmidrulesep=\dimen161
\cmidrulekern=\dimen162
\defaultaddspace=\dimen163
\@cmidla=\count284
\@cmidlb=\count285
\@aboverulesep=\dimen164
\@belowrulesep=\dimen165
\@thisruleclass=\count286
\@lastruleclass=\count287
\@thisrulewidth=\dimen166
) (/usr/local/texlive/2025/texmf-dist/tex/latex/algorithms/algorithm.sty
Package: algorithm 2009/08/24 v0.1 Document Style `algorithm' - floating environment
 (/usr/local/texlive/2025/texmf-dist/tex/latex/float/float.sty
Package: float 2001/11/08 v1.3d Float enhancements (AL)
\c@float@type=\count288
\float@exts=\toks23
\float@box=\box56
\@float@everytoks=\toks24
\@floatcapt=\box57
) (/usr/local/texlive/2025/texmf-dist/tex/latex/base/ifthen.sty
Package: ifthen 2024/03/16 v1.1e Standard LaTeX ifthen package (DPC)
)
\@float@every@algorithm=\toks25
\c@algorithm=\count289
) (/usr/local/texlive/2025/texmf-dist/tex/latex/algorithms/algorithmic.sty
Package: algorithmic 2009/08/24 v0.1 Document Style `algorithmic'
\c@ALC@unique=\count290
\c@ALC@line=\count291
\c@ALC@rem=\count292
\c@ALC@depth=\count293
\ALC@tlm=\skip57
\algorithmicindent=\skip58
) (/usr/local/texlive/2025/texmf-dist/tex/latex/url/url.sty
\Urlmuskip=\muskip18
Package: url 2013/09/16  ver 3.4  Verb mode for urls, etc.
) (/usr/local/texlive/2025/texmf-dist/tex/latex/hyperref/hyperref.sty
Package: hyperref 2024-11-05 v7.01l Hypertext links for LaTeX
 (/usr/local/texlive/2025/texmf-dist/tex/generic/iftex/iftex.sty
Package: iftex 2024/12/12 v1.0g TeX engine tests
) (/usr/local/texlive/2025/texmf-dist/tex/latex/kvsetkeys/kvsetkeys.sty
Package: kvsetkeys 2022-10-05 v1.19 Key value parser (HO)
) (/usr/local/texlive/2025/texmf-dist/tex/generic/kvdefinekeys/kvdefinekeys.sty
Package: kvdefinekeys 2019-12-19 v1.6 Define keys (HO)
) (/usr/local/texlive/2025/texmf-dist/tex/generic/pdfescape/pdfescape.sty
Package: pdfescape 2019/12/09 v1.15 Implements pdfTeX's escape features (HO)
 (/usr/local/texlive/2025/texmf-dist/tex/generic/ltxcmds/ltxcmds.sty
Package: ltxcmds 2023-12-04 v1.26 LaTeX kernel commands for general use (HO)
) (/usr/local/texlive/2025/texmf-dist/tex/generic/pdftexcmds/pdftexcmds.sty
Package: pdftexcmds 2020-06-27 v0.33 Utility functions of pdfTeX for LuaTeX (HO)
 (/usr/local/texlive/2025/texmf-dist/tex/generic/infwarerr/infwarerr.sty
Package: infwarerr 2019/12/03 v1.5 Providing info/warning/error messages (HO)
)
Package pdftexcmds Info: \pdf@primitive is available.
Package pdftexcmds Info: \pdf@ifprimitive is available.
Package pdftexcmds Info: \pdfdraftmode found.
)) (/usr/local/texlive/2025/texmf-dist/tex/latex/hycolor/hycolor.sty
Package: hycolor 2020-01-27 v1.10 Color options for hyperref/bookmark (HO)
) (/usr/local/texlive/2025/texmf-dist/tex/latex/hyperref/nameref.sty
Package: nameref 2023-11-26 v2.56 Cross-referencing by name of section
 (/usr/local/texlive/2025/texmf-dist/tex/latex/refcount/refcount.sty
Package: refcount 2019/12/15 v3.6 Data extraction from label references (HO)
) (/usr/local/texlive/2025/texmf-dist/tex/generic/gettitlestring/gettitlestring.sty
Package: gettitlestring 2019/12/15 v1.6 Cleanup title references (HO)
 (/usr/local/texlive/2025/texmf-dist/tex/latex/kvoptions/kvoptions.sty
Package: kvoptions 2022-06-15 v3.15 Key value format for package options (HO)
))
\c@section@level=\count294
) (/usr/local/texlive/2025/texmf-dist/tex/latex/etoolbox/etoolbox.sty
Package: etoolbox 2025/02/11 v2.5l e-TeX tools for LaTeX (JAW)
\etb@tempcnta=\count295
) (/usr/local/texlive/2025/texmf-dist/tex/generic/stringenc/stringenc.sty
Package: stringenc 2019/11/29 v1.12 Convert strings between diff. encodings (HO)
)
\@linkdim=\dimen167
\Hy@linkcounter=\count296
\Hy@pagecounter=\count297
 (/usr/local/texlive/2025/texmf-dist/tex/latex/hyperref/pd1enc.def
File: pd1enc.def 2024-11-05 v7.01l Hyperref: PDFDocEncoding definition (HO)
Now handling font encoding PD1 ...
... no UTF-8 mapping file for font encoding PD1
) (/usr/local/texlive/2025/texmf-dist/tex/generic/intcalc/intcalc.sty
Package: intcalc 2019/12/15 v1.3 Expandable calculations with integers (HO)
)
\Hy@SavedSpaceFactor=\count298
 (/usr/local/texlive/2025/texmf-dist/tex/latex/hyperref/puenc.def
File: puenc.def 2024-11-05 v7.01l Hyperref: PDF Unicode definition (HO)
Now handling font encoding PU ...
... no UTF-8 mapping file for font encoding PU
)
Package hyperref Info: Option `final' set `true' on input line 4040.
Package hyperref Info: Hyper figures OFF on input line 4157.
Package hyperref Info: Link nesting OFF on input line 4162.
Package hyperref Info: Hyper index ON on input line 4165.
Package hyperref Info: Plain pages OFF on input line 4172.
Package hyperref Info: Backreferencing OFF on input line 4177.
Package hyperref Info: Implicit mode ON; LaTeX internals redefined.
Package hyperref Info: Bookmarks ON on input line 4424.
\c@Hy@tempcnt=\count299
LaTeX Info: Redefining \url on input line 4763.
\XeTeXLinkMargin=\dimen168
 (/usr/local/texlive/2025/texmf-dist/tex/generic/bitset/bitset.sty
Package: bitset 2019/12/09 v1.3 Handle bit-vector datatype (HO)
 (/usr/local/texlive/2025/texmf-dist/tex/generic/bigintcalc/bigintcalc.sty
Package: bigintcalc 2019/12/15 v1.5 Expandable calculations on big integers (HO)
))
\Fld@menulength=\count300
\Field@Width=\dimen169
\Fld@charsize=\dimen170
Package hyperref Info: Hyper figures OFF on input line 6042.
Package hyperref Info: Link nesting OFF on input line 6047.
Package hyperref Info: Hyper index ON on input line 6050.
Package hyperref Info: backreferencing OFF on input line 6057.
Package hyperref Info: Link coloring OFF on input line 6062.
Package hyperref Info: Link coloring with OCG OFF on input line 6067.
Package hyperref Info: PDF/A mode OFF on input line 6072.
 (/usr/local/texlive/2025/texmf-dist/tex/latex/base/atbegshi-ltx.sty
Package: atbegshi-ltx 2021/01/10 v1.0c Emulation of the original atbegshi
package with kernel methods
)
\Hy@abspage=\count301
\c@Item=\count302
\c@Hfootnote=\count303
)
Package hyperref Info: Driver (autodetected): hpdftex.
 (/usr/local/texlive/2025/texmf-dist/tex/latex/hyperref/hpdftex.def
File: hpdftex.def 2024-11-05 v7.01l Hyperref driver for pdfTeX
 (/usr/local/texlive/2025/texmf-dist/tex/latex/base/atveryend-ltx.sty
Package: atveryend-ltx 2020/08/19 v1.0a Emulation of the original atveryend package
with kernel methods
)
\Fld@listcount=\count304
\c@bookmark@seq@number=\count305
 (/usr/local/texlive/2025/texmf-dist/tex/latex/rerunfilecheck/rerunfilecheck.sty
Package: rerunfilecheck 2022-07-10 v1.10 Rerun checks for auxiliary files (HO)
 (/usr/local/texlive/2025/texmf-dist/tex/generic/uniquecounter/uniquecounter.sty
Package: uniquecounter 2019/12/15 v1.4 Provide unlimited unique counter (HO)
)
Package uniquecounter Info: New unique counter `rerunfilecheck' on input line 285.
)
\Hy@SectionHShift=\skip59
) (/usr/local/texlive/2025/texmf-dist/tex/latex/placeins/placeins.sty
Package: placeins 2005/04/18  v 2.2
) (/usr/local/texlive/2025/texmf-dist/tex/latex/caption/subcaption.sty
Package: subcaption 2023/07/28 v1.6b Sub-captions (AR)
 (/usr/local/texlive/2025/texmf-dist/tex/latex/caption/caption.sty
Package: caption 2023/08/05 v3.6o Customizing captions (AR)
 (/usr/local/texlive/2025/texmf-dist/tex/latex/caption/caption3.sty
Package: caption3 2023/07/31 v2.4d caption3 kernel (AR)
\caption@tempdima=\dimen171
\captionmargin=\dimen172
\caption@leftmargin=\dimen173
\caption@rightmargin=\dimen174
\caption@width=\dimen175
\caption@indent=\dimen176
\caption@parindent=\dimen177
\caption@hangindent=\dimen178
Package caption Info: Standard document class detected.
)
\c@caption@flags=\count306
\c@continuedfloat=\count307
Package caption Info: float package is loaded.
Package caption Info: hyperref package is loaded.
)
Package caption Info: New subtype `subfigure' on input line 238.
\c@subfigure=\count308
Package caption Info: New subtype `subtable' on input line 238.
\c@subtable=\count309
) (/usr/local/texlive/2025/texmf-dist/tex/latex/l3backend/l3backend-pdftex.def
File: l3backend-pdftex.def 2024-05-08 L3 backend support: PDF output (pdfTeX)
\l__color_backend_stack_int=\count310
\l__pdf_internal_box=\box58
)
No file paper.aux.
\openout1 = `paper.aux'.

LaTeX Font Info:    Checking defaults for OML/cmm/m/it on input line 43.
LaTeX Font Info:    ... okay on input line 43.
LaTeX Font Info:    Checking defaults for OMS/cmsy/m/n on input line 43.
LaTeX Font Info:    ... okay on input line 43.
LaTeX Font Info:    Checking defaults for OT1/cmr/m/n on input line 43.
LaTeX Font Info:    ... okay on input line 43.
LaTeX Font Info:    Checking defaults for T1/cmr/m/n on input line 43.
LaTeX Font Info:    ... okay on input line 43.
LaTeX Font Info:    Checking defaults for TS1/cmr/m/n on input line 43.
LaTeX Font Info:    ... okay on input line 43.
LaTeX Font Info:    Checking defaults for OMX/cmex/m/n on input line 43.
LaTeX Font Info:    ... okay on input line 43.
LaTeX Font Info:    Checking defaults for U/cmr/m/n on input line 43.
LaTeX Font Info:    ... okay on input line 43.
LaTeX Font Info:    Checking defaults for PD1/pdf/m/n on input line 43.
LaTeX Font Info:    ... okay on input line 43.
LaTeX Font Info:    Checking defaults for PU/pdf/m/n on input line 43.
LaTeX Font Info:    ... okay on input line 43.
Package hyperref Info: Link coloring OFF on input line 43.
\@outlinefile=\write3
\openout3 = `paper.out'.

Package caption Info: Begin \AtBeginDocument code.
Package caption Info: End \AtBeginDocument code.

Overfull \hbox (19.74954pt too wide) in paragraph at lines 59--61
[]\OT1/cmr/m/n/10 Low-Power Wide-Area (LPWA) net-works, specif-i-cally LoRa (Long Range), of-fer kilometer-
 []


Overfull \hbox (1.45888pt too wide) in paragraph at lines 123--126
[]\OT1/cmr/bx/n/10 Hub: \OT1/cmr/m/n/10 The hub pro-vides cen-tral-ized com-pu-ta-tion for in-fras-truc-ture self-localization.
 []

LaTeX Font Info:    Trying to load font information for U+msa on input line 151.
(/usr/local/texlive/2025/texmf-dist/tex/latex/amsfonts/umsa.fd
File: umsa.fd 2013/01/14 v3.01 AMS symbols A
)
LaTeX Font Info:    Trying to load font information for U+msb on input line 151.
 (/usr/local/texlive/2025/texmf-dist/tex/latex/amsfonts/umsb.fd
File: umsb.fd 2013/01/14 v3.01 AMS symbols B
)

[1
Non-PDF special ignored!
<special> papersize=597.50787pt,845.04684pt

{/usr/local/texlive/2025/texmf-var/fonts/map/pdftex/updmap/pdftex.map}]

[2]

[3{/usr/local/texlive/2025/texmf-dist/fonts/enc/dvips/cm-super/cm-super-ts1.enc}]

[4]

[5]

[6]
No file paper.toc.
\tf@toc=\write4
\openout4 = `paper.toc'.



[7


]
No file paper.lof.
\tf@lof=\write5
\openout5 = `paper.lof'.



[8

]
No file paper.lot.
\tf@lot=\write6
\openout6 = `paper.lot'.



[9

]
Chapter 1.

LaTeX Warning: Citation `ref_surveillance' on page 1 undefined on input line 222.


LaTeX Warning: Citation `ref_delivery' on page 1 undefined on input line 222.


LaTeX Warning: Citation `ref_gps_analysis' on page 1 undefined on input line 226.


LaTeX Warning: Citation `ref_urban_canyon' on page 1 undefined on input line 234.


LaTeX Warning: Citation `gpsjam' on page 1 undefined on input line 236.


LaTeX Warning: Citation `ref_slam' on page 1 undefined on input line 242.



[1


]

LaTeX Warning: Citation `ref_lpwan_survey' on page 2 undefined on input line 248.


LaTeX Warning: Citation `ref_lora_survey' on page 2 undefined on input line 249.


LaTeX Warning: Citation `ref_rssi_variance' on page 2 undefined on input line 263.


LaTeX Warning: Citation `pospisil2020tdoa' on page 2 undefined on input line 267.


LaTeX Warning: Citation `ref_aoa_lora' on page 2 undefined on input line 269.


Overfull \hbox (14.21542pt too wide) in paragraph at lines 266--270
\OT1/cmr/m/n/10.95 nanosecond-level clock syn-chro-niza-tion across all bea-cons, which is typ-i-cally achieved
 []


Overfull \hbox (0.45581pt too wide) in paragraph at lines 266--270
\OT1/cmr/m/n/10.95 backup. Angle-of-Arrival (AoA) meth-ods de-ter-mine the di-rec-tion of sig-nal sources
 []


Overfull \hbox (4.85442pt too wide) in paragraph at lines 274--277
 []\OT1/cmr/bx/n/10.95 Challenge 2: In-fras-truc-ture Self-Localization[] \OT1/cmr/m/n/10.95 Mul-ti-lat-er-a-tion re-quires bea-
 []



[2]

LaTeX Warning: Citation `hada2025hybrid' on page 3 undefined on input line 284.



[3]
Overfull \hbox (3.81303pt too wide) in paragraph at lines 317--320
[]\OT1/cmr/m/n/10.95 Our work dif-fers from prior re-search by uni-fy-ing in-fras-truc-ture self-organization
 []


LaTeX Warning: Reference `chap:uav_localization' on page 4 undefined on input line 323.


Overfull \hbox (0.1618pt too wide) in paragraph at lines 322--325
\OT1/cmr/m/n/10.95 fras-truc-ture self-localization com-bined with UAV nav-i-ga-tion) is eval-u-ated through
 []


LaTeX Warning: Reference `chap:related_work' on page 4 undefined on input line 334.


LaTeX Warning: Reference `chap:architecture' on page 4 undefined on input line 337.


LaTeX Warning: Reference `chap:uav_localization' on page 4 undefined on input line 339.


LaTeX Warning: Reference `chap:infrastructure' on page 4 undefined on input line 342.


Overfull \hbox (7.76683pt too wide) in paragraph at lines 342--344
[]\OT1/cmr/bx/n/10.95 Chapter []: In-fras-truc-ture Self-Localization \OT1/cmr/m/n/10.95 ad-dresses the infrastructure-
 []


LaTeX Warning: Reference `chap:integration' on page 4 undefined on input line 345.


LaTeX Warning: Reference `chap:conclusion' on page 4 undefined on input line 348.



[4]
Chapter 2.

LaTeX Warning: Reference `eq:pathloss' on page 5 undefined on input line 388.



[5

]

LaTeX Warning: Citation `ref_rssi_variance' on page 6 undefined on input line 396.


Overfull \hbox (7.51408pt too wide) in paragraph at lines 421--422
[]\OT1/cmr/bx/n/10.95 Hardware Avail-abil-ity: \OT1/cmr/m/n/10.95 RSSI is a stan-dard out-put of all LoRa transceivers,
 []


LaTeX Warning: Citation `ref_lora_survey' on page 6 undefined on input line 425.


Overfull \hbox (4.08597pt too wide) in paragraph at lines 427--428
[]\OT1/cmr/bx/n/10.95 Power Ef-fi-ciency: \OT1/cmr/m/n/10.95 LoRa's low power con-sump-tion en-ables battery-powered
 []



[6]

LaTeX Warning: Reference `chap:uav_localization' on page 7 undefined on input line 438.


LaTeX Warning: Citation `ref_slam' on page 7 undefined on input line 443.


LaTeX Warning: Citation `fargas2017gps' on page 7 undefined on input line 461.


LaTeX Warning: Citation `ref_tdoa_lora' on page 7 undefined on input line 462.


LaTeX Warning: Citation `vazquez2020rssi' on page 7 undefined on input line 466.


LaTeX Warning: Citation `muller2021outdoor' on page 7 undefined on input line 467.


LaTeX Warning: Citation `ingabire2021lora' on page 7 undefined on input line 468.



[7]

LaTeX Warning: Citation `ref_aoa_lora' on page 8 undefined on input line 471.


Overfull \hbox (3.32512pt too wide) in paragraph at lines 476--478
\OT1/cmr/m/n/10.95 Existing RF-based UAV lo-cal-iza-tion meth-ods ei-ther achieve high ac-cu-racy through
 []


Overfull \hbox (1.07547pt too wide) in paragraph at lines 485--486
[]\OT1/cmr/m/n/10.95 This al-go-rith-mic ap-proach re-quires only com-mod-ity single-antenna LoRa mod-
 []


LaTeX Warning: Reference `chap:infrastructure' on page 8 undefined on input line 493.


LaTeX Warning: Citation `hada2025hybrid' on page 8 undefined on input line 509.


Overfull \hbox (4.0249pt too wide) in paragraph at lines 509--511
 []\OT1/cmr/bx/n/10.95 Iterative Mul-ti-lat-er-a-tion[] \OT1/cmr/m/n/10.95 It-er-a-tive mul-ti-lat-er-a-tion ex-tends the ba-sic ap-proach
 []



[8]

LaTeX Warning: Citation `hada2025hybrid' on page 9 undefined on input line 512.


LaTeX Warning: Citation `purohit2020fingerprinting' on page 9 undefined on input line 519.


LaTeX Warning: Citation `purohit2020fingerprinting' on page 9 undefined on input line 520.


Overfull \hbox (5.5163pt too wide) in paragraph at lines 522--524
\OT1/cmr/m/n/10.95 These char-ac-ter-is-tics limit fin-ger-print-ing's ap-pli-ca-bil-ity to new en-vi-ron-ments where
 []


LaTeX Warning: Citation `kang2023indoor' on page 9 undefined on input line 530.


LaTeX Warning: Citation `fan2023csi' on page 9 undefined on input line 531.


LaTeX Warning: Citation `vishwakarma2023indoorgnn' on page 9 undefined on input line 532.


LaTeX Warning: Citation `yan2021gnn' on page 9 undefined on input line 535.


LaTeX Warning: Citation `simonovsky2017nnconv' on page 9 undefined on input line 538.



[9]

LaTeX Warning: Reference `tab:related_work_summary' on page 10 undefined on input line 560.


LaTeX Warning: Citation `fargas2017gps' on page 10 undefined on input line 570.


LaTeX Warning: Citation `ref_aoa_lora' on page 10 undefined on input line 571.


LaTeX Warning: Citation `purohit2020fingerprinting' on page 10 undefined on input line 572.


LaTeX Warning: Citation `vishwakarma2023indoorgnn' on page 10 undefined on input line 573.


LaTeX Warning: Citation `hada2025hybrid' on page 10 undefined on input line 574.


LaTeX Warning: Reference `chap:uav_localization' on page 10 undefined on input line 586.


LaTeX Warning: Reference `chap:infrastructure' on page 10 undefined on input line 586.



[10]
Chapter 3.

Overfull \hbox (0.57143pt too wide) in paragraph at lines 611--613
 []\OT1/cmr/bx/n/10.95 GNSS In-de-pen-dence[] \OT1/cmr/m/n/10.95 The sys-tem must op-er-ate with-out any re-liance on GNSS
 []



[11

]

LaTeX Warning: Reference `fig:system_architecture' on page 12 undefined on input line 631.


LaTeX Warning: File `images/system_architecture.png' not found on input line 646.


/Users/kazuya/Projects/network-localization/thesis/paper/paper.tex:646: LaTeX Error: Cannot determine size of graphic in images/system_architecture.xbb (no BoundingBox).

See the LaTeX manual or LaTeX Companion for explanation.
Type  H <return>  for immediate help.
 ...                                              
                                                  
l.646 ...extwidth]{images/system_architecture.png}
                                                  
Try typing  <return>  to proceed.
If that doesn't work, type  X <return>  to quit.

File: images/system_architecture.png Graphic file (type bmp)
<images/system_architecture.png>


[12]

[13]

LaTeX Warning: Reference `chap:infrastructure' on page 14 undefined on input line 679.



[14]

LaTeX Warning: Reference `chap:uav_localization' on page 15 undefined on input line 745.



[15]
Overfull \hbox (17.62215pt too wide) in paragraph at lines 769--770
\OT1/cmr/m/n/10.95 The hub seg-ment pro-vides cen-tral-ized com-pu-ta-tion for in-fras-truc-ture self-localization,
 []


LaTeX Warning: Reference `chap:infrastructure' on page 16 undefined on input line 794.



[16]

LaTeX Warning: Reference `chap:infrastructure' on page 17 undefined on input line 848.



[17]

LaTeX Warning: Reference `chap:infrastructure' on page 18 undefined on input line 861.


LaTeX Warning: Reference `fig:system_architecture' on page 18 undefined on input line 873.



[18]
Overfull \hbox (7.44876pt too wide) in paragraph at lines 919--920
[]\OT1/cmr/m/n/10.95 The \OT1/cmr/bx/n/10.95 client seg-ment \OT1/cmr/m/n/10.95 en-ables scal-able, privacy-preserving po-si-tion-ing through
 []


Overfull \hbox (9.66881pt too wide) in paragraph at lines 923--924
[]\OT1/cmr/m/n/10.95 The \OT1/cmr/bx/n/10.95 pre-deployment phase \OT1/cmr/m/n/10.95 con-ducts fea-si-bil-ity as-sess-ment through terrain-
 []


LaTeX Warning: Reference `chap:uav_localization' on page 19 undefined on input line 926.


LaTeX Warning: Reference `chap:infrastructure' on page 19 undefined on input line 926.



[19]
Chapter 4.

LaTeX Warning: Citation `hirotsu2024lora' on page 20 undefined on input line 934.



[20

]

LaTeX Warning: Reference `chap:architecture' on page 21 undefined on input line 993.


LaTeX Warning: Reference `chap:related_work' on page 21 undefined on input line 1000.


LaTeX Warning: Reference `eq:pathloss' on page 21 undefined on input line 1000.


LaTeX Warning: Reference `sec:uav_simulation' on page 21 undefined on input line 1007.


LaTeX Warning: Reference `sec:uav_discussion' on page 21 undefined on input line 1009.



[21]

LaTeX Warning: Citation `huber1964robust' on page 22 undefined on input line 1042.



[22]

LaTeX Warning: Reference `eq:constrained_optimization' on page 23 undefined on input line 1090.


LaTeX Warning: Reference `sec:error_monitoring' on page 23 undefined on input line 1103.


LaTeX Warning: Citation `slabicki2018flora' on page 23 undefined on input line 1117.


LaTeX Warning: Reference `tab:sim_params' on page 23 undefined on input line 1127.


LaTeX Warning: Reference `eq:rssi_distance_ch4' on page 23 undefined on input line 1151.



[23]

LaTeX Warning: Reference `tab:methods' on page 24 undefined on input line 1161.



[24]

LaTeX Warning: Reference `fig:static_method1' on page 25 undefined on input line 1206.


LaTeX Warning: Reference `fig:static_method4' on page 25 undefined on input line 1206.


LaTeX Warning: File `images/method1_2d.png' not found on input line 1212.


/Users/kazuya/Projects/network-localization/thesis/paper/paper.tex:1212: LaTeX Error: Cannot determine size of graphic in images/method1_2d.xbb (no BoundingBox).

See the LaTeX manual or LaTeX Companion for explanation.
Type  H <return>  for immediate help.
 ...                                              
                                                  
l.1212 ...0.48\columnwidth]{images/method1_2d.png}
                                                   &
Try typing  <return>  to proceed.
If that doesn't work, type  X <return>  to quit.

File: images/method1_2d.png Graphic file (type bmp)
<images/method1_2d.png>

LaTeX Warning: File `images/method1_3d.png' not found on input line 1213.


/Users/kazuya/Projects/network-localization/thesis/paper/paper.tex:1213: LaTeX Error: Cannot determine size of graphic in images/method1_3d.xbb (no BoundingBox).

See the LaTeX manual or LaTeX Companion for explanation.
Type  H <return>  for immediate help.
 ...                                              
                                                  
l.1213 ...0.48\columnwidth]{images/method1_3d.png}
                                                   \\
Try typing  <return>  to proceed.
If that doesn't work, type  X <return>  to quit.

File: images/method1_3d.png Graphic file (type bmp)
<images/method1_3d.png>

Overfull \hbox (8.63675pt too wide) in paragraph at lines 1211--1216
 [][] 
 []


LaTeX Warning: File `images/method2.png' not found on input line 1222.


/Users/kazuya/Projects/network-localization/thesis/paper/paper.tex:1222: LaTeX Error: Cannot determine size of graphic in images/method2.xbb (no BoundingBox).

See the LaTeX manual or LaTeX Companion for explanation.
Type  H <return>  for immediate help.
 ...                                              
                                                  
l.1222 ...dth=0.8\columnwidth]{images/method2.png}
                                                  
Try typing  <return>  to proceed.
If that doesn't work, type  X <return>  to quit.

File: images/method2.png Graphic file (type bmp)
<images/method2.png>

LaTeX Warning: File `images/method3_2d.png' not found on input line 1230.


/Users/kazuya/Projects/network-localization/thesis/paper/paper.tex:1230: LaTeX Error: Cannot determine size of graphic in images/method3_2d.xbb (no BoundingBox).

See the LaTeX manual or LaTeX Companion for explanation.
Type  H <return>  for immediate help.
 ...                                              
                                                  
l.1230 ...0.48\columnwidth]{images/method3_2d.png}
                                                   &
Try typing  <return>  to proceed.
If that doesn't work, type  X <return>  to quit.

File: images/method3_2d.png Graphic file (type bmp)
<images/method3_2d.png>

LaTeX Warning: File `images/method3_3d.png' not found on input line 1231.


/Users/kazuya/Projects/network-localization/thesis/paper/paper.tex:1231: LaTeX Error: Cannot determine size of graphic in images/method3_3d.xbb (no BoundingBox).

See the LaTeX manual or LaTeX Companion for explanation.
Type  H <return>  for immediate help.
 ...                                              
                                                  
l.1231 ...0.48\columnwidth]{images/method3_3d.png}
                                                   \\
Try typing  <return>  to proceed.
If that doesn't work, type  X <return>  to quit.

File: images/method3_3d.png Graphic file (type bmp)
<images/method3_3d.png>

Overfull \hbox (8.63675pt too wide) in paragraph at lines 1229--1234
 [][] 
 []


LaTeX Warning: File `images/method4.png' not found on input line 1241.


/Users/kazuya/Projects/network-localization/thesis/paper/paper.tex:1241: LaTeX Error: Cannot determine size of graphic in images/method4.xbb (no BoundingBox).

See the LaTeX manual or LaTeX Companion for explanation.
Type  H <return>  for immediate help.
 ...                                              
                                                  
l.1241 ...th=0.48\columnwidth]{images/method4.png}
                                                   &
Try typing  <return>  to proceed.
If that doesn't work, type  X <return>  to quit.

File: images/method4.png Graphic file (type bmp)
<images/method4.png>

LaTeX Warning: File `images/method4_cropped.png' not found on input line 1242.


/Users/kazuya/Projects/network-localization/thesis/paper/paper.tex:1242: LaTeX Error: Cannot determine size of graphic in images/method4_cropped.xbb (no BoundingBox).

See the LaTeX manual or LaTeX Companion for explanation.
Type  H <return>  for immediate help.
 ...                                              
                                                  
l.1242 ...columnwidth]{images/method4_cropped.png}
                                                   \\
Try typing  <return>  to proceed.
If that doesn't work, type  X <return>  to quit.

File: images/method4_cropped.png Graphic file (type bmp)
<images/method4_cropped.png>

Overfull \hbox (8.63675pt too wide) in paragraph at lines 1240--1245
 [][] 
 []


LaTeX Warning: Reference `tab:static_results' on page 25 undefined on input line 1249.


LaTeX Warning: Reference `tab:static_results' on page 25 undefined on input line 1271.


LaTeX Warning: Reference `fig:static_method2' on page 25 undefined on input line 1274.


LaTeX Warning: Reference `fig:static_method4' on page 25 undefined on input line 1274.



[25]

[26]

LaTeX Warning: Reference `fig:static_method4' on page 27 undefined on input line 1281.


LaTeX Warning: File `method_comparison.png' not found on input line 1287.


/Users/kazuya/Projects/network-localization/thesis/paper/paper.tex:1287: LaTeX Error: Cannot determine size of graphic in method_comparison.xbb (no BoundingBox).

See the LaTeX manual or LaTeX Companion for explanation.
Type  H <return>  for immediate help.
 ...                                              
                                                  
l.1287 ...=0.9\columnwidth]{method_comparison.png}
                                                  
Try typing  <return>  to proceed.
If that doesn't work, type  X <return>  to quit.

File: method_comparison.png Graphic file (type bmp)
<method_comparison.png>

LaTeX Warning: Reference `fig:scalability' on page 27 undefined on input line 1292.



[27]

LaTeX Warning: File `correlation.png' not found on input line 1306.


/Users/kazuya/Projects/network-localization/thesis/paper/paper.tex:1306: LaTeX Error: Cannot determine size of graphic in correlation.xbb (no BoundingBox).

See the LaTeX manual or LaTeX Companion for explanation.
Type  H <return>  for immediate help.
 ...                                              
                                                  
l.1306 ...[width=0.8\columnwidth]{correlation.png}
                                                  
Try typing  <return>  to proceed.
If that doesn't work, type  X <return>  to quit.

File: correlation.png Graphic file (type bmp)
<correlation.png>

LaTeX Warning: Reference `fig:correlation' on page 28 undefined on input line 1311.


LaTeX Warning: Reference `tab:dynamic_results' on page 28 undefined on input line 1319.



[28]

LaTeX Warning: Reference `tab:hardware' on page 29 undefined on input line 1355.



[29]

LaTeX Warning: File `beacon_map.png' not found on input line 1383.


/Users/kazuya/Projects/network-localization/thesis/paper/paper.tex:1383: LaTeX Error: Cannot determine size of graphic in beacon_map.xbb (no BoundingBox).

See the LaTeX manual or LaTeX Companion for explanation.
Type  H <return>  for immediate help.
 ...                                              
                                                  
l.1383 ...s[width=0.8\columnwidth]{beacon_map.png}
                                                  
Try typing  <return>  to proceed.
If that doesn't work, type  X <return>  to quit.

File: beacon_map.png Graphic file (type bmp)
<beacon_map.png>

LaTeX Warning: Reference `fig:beacon_map' on page 30 undefined on input line 1389.



[30]

LaTeX Warning: File `drone.jpg' not found on input line 1396.


/Users/kazuya/Projects/network-localization/thesis/paper/paper.tex:1396: LaTeX Error: Cannot determine size of graphic in drone.xbb (no BoundingBox).

See the LaTeX manual or LaTeX Companion for explanation.
Type  H <return>  for immediate help.
 ...                                              
                                                  
l.1396 ...phics[width=0.45\columnwidth]{drone.jpg}
                                                   &
Try typing  <return>  to proceed.
If that doesn't work, type  X <return>  to quit.

File: drone.jpg Graphic file (type bmp)
<drone.jpg>

LaTeX Warning: File `beacon.jpg' not found on input line 1397.


/Users/kazuya/Projects/network-localization/thesis/paper/paper.tex:1397: LaTeX Error: Cannot determine size of graphic in beacon.xbb (no BoundingBox).

See the LaTeX manual or LaTeX Companion for explanation.
Type  H <return>  for immediate help.
 ...                                              
                                                  
l.1397 ...hics[width=0.45\columnwidth]{beacon.jpg}
                                                   \\
Try typing  <return>  to proceed.
If that doesn't work, type  X <return>  to quit.

File: beacon.jpg Graphic file (type bmp)
<beacon.jpg>

LaTeX Warning: Reference `tab:experiment_results' on page 31 undefined on input line 1420.



[31]

LaTeX Warning: Reference `sec:uav_discussion' on page 32 undefined on input line 1452.


LaTeX Warning: File `model_1-2.png' not found on input line 1465.


/Users/kazuya/Projects/network-localization/thesis/paper/paper.tex:1465: LaTeX Error: Cannot determine size of graphic in model_1-2.xbb (no BoundingBox).

See the LaTeX manual or LaTeX Companion for explanation.
Type  H <return>  for immediate help.
 ...                                              
                                                  
l.1465 ...s[width=0.48\columnwidth]{model_1-2.png}
                                                   &
Try typing  <return>  to proceed.
If that doesn't work, type  X <return>  to quit.

File: model_1-2.png Graphic file (type bmp)
<model_1-2.png>

LaTeX Warning: File `model_3-4.png' not found on input line 1466.


/Users/kazuya/Projects/network-localization/thesis/paper/paper.tex:1466: LaTeX Error: Cannot determine size of graphic in model_3-4.xbb (no BoundingBox).

See the LaTeX manual or LaTeX Companion for explanation.
Type  H <return>  for immediate help.
 ...                                              
                                                  
l.1466 ...s[width=0.48\columnwidth]{model_3-4.png}
                                                   \\
Try typing  <return>  to proceed.
If that doesn't work, type  X <return>  to quit.

File: model_3-4.png Graphic file (type bmp)
<model_3-4.png>

Overfull \hbox (8.63675pt too wide) in paragraph at lines 1464--1469
 [][] 
 []


LaTeX Warning: Reference `fig:rssi_models' on page 32 undefined on input line 1473.


LaTeX Warning: Citation `carr2012practical' on page 32 undefined on input line 1478.



[32
Non-PDF special ignored!
<special> x:scale 0.60315 0.60315
]

LaTeX Warning: Reference `fig:antenna_pattern' on page 33 undefined on input line 1485.


LaTeX Warning: File `antenna.png' not found on input line 1493.


/Users/kazuya/Projects/network-localization/thesis/paper/paper.tex:1493: LaTeX Error: Cannot determine size of graphic in antenna.xbb (no BoundingBox).

See the LaTeX manual or LaTeX Companion for explanation.
Type  H <return>  for immediate help.
 ...                                              
                                                  
l.1493 ...hics[width=0.7\columnwidth]{antenna.png}
                                                  
Try typing  <return>  to proceed.
If that doesn't work, type  X <return>  to quit.

File: antenna.png Graphic file (type bmp)
<antenna.png>

LaTeX Warning: Reference `fig:model_3d' on page 33 undefined on input line 1506.


LaTeX Warning: File `images/model_3d.png' not found on input line 1515.


/Users/kazuya/Projects/network-localization/thesis/paper/paper.tex:1515: LaTeX Error: Cannot determine size of graphic in images/model_3d.xbb (no BoundingBox).

See the LaTeX manual or LaTeX Companion for explanation.
Type  H <return>  for immediate help.
 ...                                              
                                                  
l.1515 ...th=0.8\columnwidth]{images/model_3d.png}
                                                  
Try typing  <return>  to proceed.
If that doesn't work, type  X <return>  to quit.

File: images/model_3d.png Graphic file (type bmp)
<images/model_3d.png>

LaTeX Warning: File `sample-median.png' not found on input line 1525.


/Users/kazuya/Projects/network-localization/thesis/paper/paper.tex:1525: LaTeX Error: Cannot determine size of graphic in sample-median.xbb (no BoundingBox).

See the LaTeX manual or LaTeX Companion for explanation.
Type  H <return>  for immediate help.
 ...                                              
                                                  
l.1525 ...dth=0.48\columnwidth]{sample-median.png}
                                                   &
Try typing  <return>  to proceed.
If that doesn't work, type  X <return>  to quit.

File: sample-median.png Graphic file (type bmp)
<sample-median.png>

LaTeX Warning: File `sample-std.png' not found on input line 1526.


/Users/kazuya/Projects/network-localization/thesis/paper/paper.tex:1526: LaTeX Error: Cannot determine size of graphic in sample-std.xbb (no BoundingBox).

See the LaTeX manual or LaTeX Companion for explanation.
Type  H <return>  for immediate help.
 ...                                              
                                                  
l.1526 ...[width=0.48\columnwidth]{sample-std.png}
                                                   \\
Try typing  <return>  to proceed.
If that doesn't work, type  X <return>  to quit.

File: sample-std.png Graphic file (type bmp)
<sample-std.png>

Overfull \hbox (8.63675pt too wide) in paragraph at lines 1524--1529
 [][] 
 []



[33]

LaTeX Warning: Reference `fig:sampling' on page 34 undefined on input line 1533.



[34]

[35]

[36]
Chapter 5.

LaTeX Warning: Reference `chap:uav_localization' on page 37 undefined on input line 1594.



[37

]

[38]

LaTeX Warning: File `images/model_architecture.png' not found on input line 1686.


/Users/kazuya/Projects/network-localization/thesis/paper/paper.tex:1686: LaTeX Error: Cannot determine size of graphic in images/model_architecture.xbb (no BoundingBox).

See the LaTeX manual or LaTeX Companion for explanation.
Type  H <return>  for immediate help.
 ...                                              
                                                  
l.1686 ...umnwidth]{images/model_architecture.png}
                                                  
Try typing  <return>  to proceed.
If that doesn't work, type  X <return>  to quit.

File: images/model_architecture.png Graphic file (type bmp)
<images/model_architecture.png>

LaTeX Warning: Reference `fig:gcn_architecture' on page 39 undefined on input line 1691.



[39]

LaTeX Warning: Reference `eq:rssi_to_distance' on page 40 undefined on input line 1707.



[40]

[41]
Overfull \hbox (2.21544pt too wide) in paragraph at lines 1826--1828
 []\OT1/cmr/bx/n/10.95 Geographic Area[] \OT1/cmr/m/n/10.95 We sim-u-late a 4 km $\OMS/cmsy/m/n/10.95 ^^B$ \OT1/cmr/m/n/10.95 4 km out-door area in []orum Province,
 []



[42]

LaTeX Warning: Reference `tab:core_params' on page 43 undefined on input line 1846.


LaTeX Warning: File `images/experiment_area_comparison.png' not found on input line 1886.


/Users/kazuya/Projects/network-localization/thesis/paper/paper.tex:1886: LaTeX Error: Cannot determine size of graphic in images/experiment_area_comparison.xbb (no BoundingBox).

See the LaTeX manual or LaTeX Companion for explanation.
Type  H <return>  for immediate help.
 ...                                              
                                                  
l.1886 ...]{images/experiment_area_comparison.png}
                                                  
Try typing  <return>  to proceed.
If that doesn't work, type  X <return>  to quit.

File: images/experiment_area_comparison.png Graphic file (type bmp)
<images/experiment_area_comparison.png>

LaTeX Warning: Reference `fig:experiment_area' on page 43 undefined on input line 1891.


LaTeX Warning: File `images/rssi_variance_comparison.png' not found on input line 1900.


/Users/kazuya/Projects/network-localization/thesis/paper/paper.tex:1900: LaTeX Error: Cannot determine size of graphic in images/rssi_variance_comparison.xbb (no BoundingBox).

See the LaTeX manual or LaTeX Companion for explanation.
Type  H <return>  for immediate help.
 ...                                              
                                                  
l.1900 ...th]{images/rssi_variance_comparison.png}
                                                  
Try typing  <return>  to proceed.
If that doesn't work, type  X <return>  to quit.

File: images/rssi_variance_comparison.png Graphic file (type bmp)
<images/rssi_variance_comparison.png>

LaTeX Warning: Reference `fig:rssi_variance' on page 43 undefined on input line 1905.



[43]
Overfull \hbox (5.61372pt too wide) in paragraph at lines 1919--1922
[]\OT1/cmr/bx/n/10.95 Path-Loss Es-ti-ma-tion: \OT1/cmr/m/n/10.95 A sim-ple log-distance model of the form $[](\OML/cmm/m/it/10.95 d\OT1/cmr/m/n/10.95 ) =
 []



[44]
Overfull \hbox (2.93086pt too wide) in paragraph at lines 1938--1940
\OT1/cmr/m/n/10.95 This ab-la-tion study iso-lates the con-tri-bu-tion of the physics-aware RSSI-to-distance
 []



[45]

LaTeX Warning: Reference `tab:gcn_hyperparams' on page 46 undefined on input line 1952.


LaTeX Warning: Reference `tab:terrain_results' on page 46 undefined on input line 1991.



[46]

LaTeX Warning: File `images/three_methods_cdf.png' not found on input line 2016.


/Users/kazuya/Projects/network-localization/thesis/paper/paper.tex:2016: LaTeX Error: Cannot determine size of graphic in images/three_methods_cdf.xbb (no BoundingBox).

See the LaTeX manual or LaTeX Companion for explanation.
Type  H <return>  for immediate help.
 ...                                              
                                                  
l.2016 ...lumnwidth]{images/three_methods_cdf.png}
                                                  
Try typing  <return>  to proceed.
If that doesn't work, type  X <return>  to quit.

File: images/three_methods_cdf.png Graphic file (type bmp)
<images/three_methods_cdf.png>

LaTeX Warning: File `images/three_methods_hist.png' not found on input line 2023.


/Users/kazuya/Projects/network-localization/thesis/paper/paper.tex:2023: LaTeX Error: Cannot determine size of graphic in images/three_methods_hist.xbb (no BoundingBox).

See the LaTeX manual or LaTeX Companion for explanation.
Type  H <return>  for immediate help.
 ...                                              
                                                  
l.2023 ...umnwidth]{images/three_methods_hist.png}
                                                  
Try typing  <return>  to proceed.
If that doesn't work, type  X <return>  to quit.

File: images/three_methods_hist.png Graphic file (type bmp)
<images/three_methods_hist.png>

LaTeX Warning: Reference `fig:cdf_terrain' on page 47 undefined on input line 2028.


LaTeX Warning: Reference `fig:hist_terrain' on page 47 undefined on input line 2028.


LaTeX Warning: File `images/sample_visualization_loaded_model_trained_localization_model_64beacons_1000instances_fixed_power13.png' not found on input line 2036.


/Users/kazuya/Projects/network-localization/thesis/paper/paper.tex:2036: LaTeX Error: Cannot determine size of graphic in images/sample_visualization_loaded_model_trained_localization_model_64beacons_1000instances_fixed_power13.xbb (no BoundingBox).

See the LaTeX manual or LaTeX Companion for explanation.
Type  H <return>  for immediate help.
 ...                                              
                                                  
l.2036 ...beacons_1000instances_fixed_power13.png}
                                                  
Try typing  <return>  to proceed.
If that doesn't work, type  X <return>  to quit.

File: images/sample_visualization_loaded_model_trained_localization_model_64beacons_1000instances_fixed_power13.png Graphic file (type bmp)
<images/sample_visualization_loaded_model_trained_localization_model_64beacons_1000instances_fixed_power13.png>

LaTeX Warning: File `images/sample_visualization_loaded_model_trained_localization_model_64beacons_1000instances_fixed_no_rssi2dist.png' not found on input line 2042.


/Users/kazuya/Projects/network-localization/thesis/paper/paper.tex:2042: LaTeX Error: Cannot determine size of graphic in images/sample_visualization_loaded_model_trained_localization_model_64beacons_1000instances_fixed_no_rssi2dist.xbb (no BoundingBox).

See the LaTeX manual or LaTeX Companion for explanation.
Type  H <return>  for immediate help.
 ...                                              
                                                  
l.2042 ...ns_1000instances_fixed_no_rssi2dist.png}
                                                  
Try typing  <return>  to proceed.
If that doesn't work, type  X <return>  to quit.

File: images/sample_visualization_loaded_model_trained_localization_model_64beacons_1000instances_fixed_no_rssi2dist.png Graphic file (type bmp)
<images/sample_visualization_loaded_model_trained_localization_model_64beacons_1000instances_fixed_no_rssi2dist.png>

LaTeX Warning: File `images/sample_visualization_loaded_model_mlat_64beacons_100instances.png' not found on input line 2048.


/Users/kazuya/Projects/network-localization/thesis/paper/paper.tex:2048: LaTeX Error: Cannot determine size of graphic in images/sample_visualization_loaded_model_mlat_64beacons_100instances.xbb (no BoundingBox).

See the LaTeX manual or LaTeX Companion for explanation.
Type  H <return>  for immediate help.
 ...                                              
                                                  
l.2048 ...d_model_mlat_64beacons_100instances.png}
                                                  
Try typing  <return>  to proceed.
If that doesn't work, type  X <return>  to quit.

File: images/sample_visualization_loaded_model_mlat_64beacons_100instances.png Graphic file (type bmp)
<images/sample_visualization_loaded_model_mlat_64beacons_100instances.png>

LaTeX Warning: Reference `fig:qualitative_comparison' on page 47 undefined on input line 2055.



[47]

[48]

LaTeX Warning: Reference `tab:freespace_results' on page 49 undefined on input line 2063.


LaTeX Warning: File `images/three_methods_cdf_free.png' not found on input line 2082.


/Users/kazuya/Projects/network-localization/thesis/paper/paper.tex:2082: LaTeX Error: Cannot determine size of graphic in images/three_methods_cdf_free.xbb (no BoundingBox).

See the LaTeX manual or LaTeX Companion for explanation.
Type  H <return>  for immediate help.
 ...                                              
                                                  
l.2082 ...idth]{images/three_methods_cdf_free.png}
                                                  
Try typing  <return>  to proceed.
If that doesn't work, type  X <return>  to quit.

File: images/three_methods_cdf_free.png Graphic file (type bmp)
<images/three_methods_cdf_free.png>

LaTeX Warning: File `images/sample_visualization_loaded_model_trained_localization_model_64beacons_1000instances_fixed_power13_free.png' not found on input line 2091.


/Users/kazuya/Projects/network-localization/thesis/paper/paper.tex:2091: LaTeX Error: Cannot determine size of graphic in images/sample_visualization_loaded_model_trained_localization_model_64beacons_1000instances_fixed_power13_free.xbb (no BoundingBox).

See the LaTeX manual or LaTeX Companion for explanation.
Type  H <return>  for immediate help.
 ...                                              
                                                  
l.2091 ...ns_1000instances_fixed_power13_free.png}
                                                  
Try typing  <return>  to proceed.
If that doesn't work, type  X <return>  to quit.

File: images/sample_visualization_loaded_model_trained_localization_model_64beacons_1000instances_fixed_power13_free.png Graphic file (type bmp)
<images/sample_visualization_loaded_model_trained_localization_model_64beacons_1000instances_fixed_power13_free.png>

LaTeX Warning: File `images/sample_visualization_loaded_model_trained_localization_model_64beacons_1000instances_fixed_no_rssi2dist_free.png' not found on input line 2097.


/Users/kazuya/Projects/network-localization/thesis/paper/paper.tex:2097: LaTeX Error: Cannot determine size of graphic in images/sample_visualization_loaded_model_trained_localization_model_64beacons_1000instances_fixed_no_rssi2dist_free.xbb (no BoundingBox).

See the LaTeX manual or LaTeX Companion for explanation.
Type  H <return>  for immediate help.
 ...                                              
                                                  
l.2097 ...00instances_fixed_no_rssi2dist_free.png}
                                                  
Try typing  <return>  to proceed.
If that doesn't work, type  X <return>  to quit.

File: images/sample_visualization_loaded_model_trained_localization_model_64beacons_1000instances_fixed_no_rssi2dist_free.png Graphic file (type bmp)
<images/sample_visualization_loaded_model_trained_localization_model_64beacons_1000instances_fixed_no_rssi2dist_free.png>

LaTeX Warning: File `images/sample_visualization_loaded_model_mlat_64beacons_1000instances_free.png' not found on input line 2103.


/Users/kazuya/Projects/network-localization/thesis/paper/paper.tex:2103: LaTeX Error: Cannot determine size of graphic in images/sample_visualization_loaded_model_mlat_64beacons_1000instances_free.xbb (no BoundingBox).

See the LaTeX manual or LaTeX Companion for explanation.
Type  H <return>  for immediate help.
 ...                                              
                                                  
l.2103 ...l_mlat_64beacons_1000instances_free.png}
                                                  
Try typing  <return>  to proceed.
If that doesn't work, type  X <return>  to quit.

File: images/sample_visualization_loaded_model_mlat_64beacons_1000instances_free.png Graphic file (type bmp)
<images/sample_visualization_loaded_model_mlat_64beacons_1000instances_free.png>

LaTeX Warning: Reference `fig:qualitative_comparison_free' on page 49 undefined on input line 2111.



[49]

[50]

LaTeX Warning: Reference `fig:rssi_variance' on page 51 undefined on input line 2136.



[51]
Overfull \hbox (1.45848pt too wide) in paragraph at lines 2194--2197
 []\OT1/cmr/bx/n/10.95 Post-Installation Cal-i-bra-tion (Pro-posed)[] \OT1/cmr/m/n/10.95 Af-ter de-ploy-ing bea-cons, anchor-
 []



[52]

LaTeX Warning: Reference `chap:uav_localization' on page 53 undefined on input line 2224.



[53]
Chapter 6.

LaTeX Warning: Reference `chap:uav_localization' on page 54 undefined on input line 2233.


LaTeX Warning: Reference `chap:infrastructure' on page 54 undefined on input line 2233.


LaTeX Warning: Reference `chap:uav_localization' on page 54 undefined on input line 2245.


LaTeX Warning: Reference `chap:infrastructure' on page 54 undefined on input line 2245.


LaTeX Warning: Reference `chap:infrastructure' on page 54 undefined on input line 2250.


LaTeX Warning: Reference `chap:uav_localization' on page 54 undefined on input line 2255.



[54

]

LaTeX Warning: File `images/sensitivity_uav_vs_beacon.png' not found on input line 2277.


/Users/kazuya/Projects/network-localization/thesis/paper/paper.tex:2277: LaTeX Error: Cannot determine size of graphic in images/sensitivity_uav_vs_beacon.xbb (no BoundingBox).

See the LaTeX manual or LaTeX Companion for explanation.
Type  H <return>  for immediate help.
 ...                                              
                                                  
l.2277 ...h]{images/sensitivity_uav_vs_beacon.png}
                                                  
Try typing  <return>  to proceed.
If that doesn't work, type  X <return>  to quit.

File: images/sensitivity_uav_vs_beacon.png Graphic file (type bmp)
<images/sensitivity_uav_vs_beacon.png>

LaTeX Warning: Reference `fig:sensitivity_main' on page 55 undefined on input line 2282.


Overfull \hbox (4.7307pt too wide) in paragraph at lines 2286--2289
 []\OT1/cmr/bx/n/10.95 Moderate Er-ror Prop-a-ga-tion[] \OT1/cmr/m/n/10.95 UAV lo-cal-iza-tion er-ror in-creases ap-prox-i-mately
 []



[55]

LaTeX Warning: Reference `chap:infrastructure' on page 56 undefined on input line 2301.


LaTeX Warning: Reference `fig:sensitivity_main' on page 56 undefined on input line 2302.



[56]

LaTeX Warning: File `images/diagonal_beacon0m_path.png' not found on input line 2358.


/Users/kazuya/Projects/network-localization/thesis/paper/paper.tex:2358: LaTeX Error: Cannot determine size of graphic in images/diagonal_beacon0m_path.xbb (no BoundingBox).

See the LaTeX manual or LaTeX Companion for explanation.
Type  H <return>  for immediate help.
 ...                                              
                                                  
l.2358 ...idth]{images/diagonal_beacon0m_path.png}
                                                  
Try typing  <return>  to proceed.
If that doesn't work, type  X <return>  to quit.

File: images/diagonal_beacon0m_path.png Graphic file (type bmp)
<images/diagonal_beacon0m_path.png>

LaTeX Warning: File `images/diagonal_beacon200m_path.png' not found on input line 2365.


/Users/kazuya/Projects/network-localization/thesis/paper/paper.tex:2365: LaTeX Error: Cannot determine size of graphic in images/diagonal_beacon200m_path.xbb (no BoundingBox).

See the LaTeX manual or LaTeX Companion for explanation.
Type  H <return>  for immediate help.
 ...                                              
                                                  
l.2365 ...th]{images/diagonal_beacon200m_path.png}
                                                  
Try typing  <return>  to proceed.
If that doesn't work, type  X <return>  to quit.

File: images/diagonal_beacon200m_path.png Graphic file (type bmp)
<images/diagonal_beacon200m_path.png>

LaTeX Warning: Reference `fig:diagonal_paths' on page 57 undefined on input line 2373.


LaTeX Warning: File `images/diagonal_beacon200m_error_timeline.png' not found on input line 2381.


/Users/kazuya/Projects/network-localization/thesis/paper/paper.tex:2381: LaTeX Error: Cannot determine size of graphic in images/diagonal_beacon200m_error_timeline.xbb (no BoundingBox).

See the LaTeX manual or LaTeX Companion for explanation.
Type  H <return>  for immediate help.
 ...                                              
                                                  
l.2381 .../diagonal_beacon200m_error_timeline.png}
                                                  
Try typing  <return>  to proceed.
If that doesn't work, type  X <return>  to quit.

File: images/diagonal_beacon200m_error_timeline.png Graphic file (type bmp)
<images/diagonal_beacon200m_error_timeline.png>

LaTeX Warning: File `images/diagonal_beacon200m_error_dist.png' not found on input line 2388.


/Users/kazuya/Projects/network-localization/thesis/paper/paper.tex:2388: LaTeX Error: Cannot determine size of graphic in images/diagonal_beacon200m_error_dist.xbb (no BoundingBox).

See the LaTeX manual or LaTeX Companion for explanation.
Type  H <return>  for immediate help.
 ...                                              
                                                  
l.2388 ...ages/diagonal_beacon200m_error_dist.png}
                                                  
Try typing  <return>  to proceed.
If that doesn't work, type  X <return>  to quit.

File: images/diagonal_beacon200m_error_dist.png Graphic file (type bmp)
<images/diagonal_beacon200m_error_dist.png>

LaTeX Warning: Reference `fig:diagonal_errors' on page 57 undefined on input line 2396.


LaTeX Warning: File `images/circular_beacon0m_path.png' not found on input line 2407.


/Users/kazuya/Projects/network-localization/thesis/paper/paper.tex:2407: LaTeX Error: Cannot determine size of graphic in images/circular_beacon0m_path.xbb (no BoundingBox).

See the LaTeX manual or LaTeX Companion for explanation.
Type  H <return>  for immediate help.
 ...                                              
                                                  
l.2407 ...idth]{images/circular_beacon0m_path.png}
                                                  
Try typing  <return>  to proceed.
If that doesn't work, type  X <return>  to quit.

File: images/circular_beacon0m_path.png Graphic file (type bmp)
<images/circular_beacon0m_path.png>

LaTeX Warning: File `images/circular_beacon200m_path.png' not found on input line 2414.


/Users/kazuya/Projects/network-localization/thesis/paper/paper.tex:2414: LaTeX Error: Cannot determine size of graphic in images/circular_beacon200m_path.xbb (no BoundingBox).

See the LaTeX manual or LaTeX Companion for explanation.
Type  H <return>  for immediate help.
 ...                                              
                                                  
l.2414 ...th]{images/circular_beacon200m_path.png}
                                                  
Try typing  <return>  to proceed.
If that doesn't work, type  X <return>  to quit.

File: images/circular_beacon200m_path.png Graphic file (type bmp)
<images/circular_beacon200m_path.png>

LaTeX Warning: Reference `fig:circular_paths' on page 57 undefined on input line 2422.


LaTeX Warning: File `images/circular_beacon200m_error_timeline.png' not found on input line 2430.


/Users/kazuya/Projects/network-localization/thesis/paper/paper.tex:2430: LaTeX Error: Cannot determine size of graphic in images/circular_beacon200m_error_timeline.xbb (no BoundingBox).

See the LaTeX manual or LaTeX Companion for explanation.
Type  H <return>  for immediate help.
 ...                                              
                                                  
l.2430 .../circular_beacon200m_error_timeline.png}
                                                  
Try typing  <return>  to proceed.
If that doesn't work, type  X <return>  to quit.

File: images/circular_beacon200m_error_timeline.png Graphic file (type bmp)
<images/circular_beacon200m_error_timeline.png>

LaTeX Warning: File `images/circular_beacon200m_error_dist.png' not found on input line 2437.


/Users/kazuya/Projects/network-localization/thesis/paper/paper.tex:2437: LaTeX Error: Cannot determine size of graphic in images/circular_beacon200m_error_dist.xbb (no BoundingBox).

See the LaTeX manual or LaTeX Companion for explanation.
Type  H <return>  for immediate help.
 ...                                              
                                                  
l.2437 ...ages/circular_beacon200m_error_dist.png}
                                                  
Try typing  <return>  to proceed.
If that doesn't work, type  X <return>  to quit.

File: images/circular_beacon200m_error_dist.png Graphic file (type bmp)
<images/circular_beacon200m_error_dist.png>


[57]

LaTeX Warning: File `images/area_sweep_beacon0m_path.png' not found on input line 2454.


/Users/kazuya/Projects/network-localization/thesis/paper/paper.tex:2454: LaTeX Error: Cannot determine size of graphic in images/area_sweep_beacon0m_path.xbb (no BoundingBox).

See the LaTeX manual or LaTeX Companion for explanation.
Type  H <return>  for immediate help.
 ...                                              
                                                  
l.2454 ...th]{images/area_sweep_beacon0m_path.png}
                                                  
Try typing  <return>  to proceed.
If that doesn't work, type  X <return>  to quit.

File: images/area_sweep_beacon0m_path.png Graphic file (type bmp)
<images/area_sweep_beacon0m_path.png>

LaTeX Warning: File `images/area_sweep_beacon200m_path.png' not found on input line 2461.


/Users/kazuya/Projects/network-localization/thesis/paper/paper.tex:2461: LaTeX Error: Cannot determine size of graphic in images/area_sweep_beacon200m_path.xbb (no BoundingBox).

See the LaTeX manual or LaTeX Companion for explanation.
Type  H <return>  for immediate help.
 ...                                              
                                                  
l.2461 ...]{images/area_sweep_beacon200m_path.png}
                                                  
Try typing  <return>  to proceed.
If that doesn't work, type  X <return>  to quit.

File: images/area_sweep_beacon200m_path.png Graphic file (type bmp)
<images/area_sweep_beacon200m_path.png>

LaTeX Warning: Reference `fig:sweep_paths' on page 58 undefined on input line 2469.


LaTeX Warning: File `images/area_sweep_beacon200m_error_timeline.png' not found on input line 2477.


/Users/kazuya/Projects/network-localization/thesis/paper/paper.tex:2477: LaTeX Error: Cannot determine size of graphic in images/area_sweep_beacon200m_error_timeline.xbb (no BoundingBox).

See the LaTeX manual or LaTeX Companion for explanation.
Type  H <return>  for immediate help.
 ...                                              
                                                  
l.2477 ...rea_sweep_beacon200m_error_timeline.png}
                                                  
Try typing  <return>  to proceed.
If that doesn't work, type  X <return>  to quit.

File: images/area_sweep_beacon200m_error_timeline.png Graphic file (type bmp)
<images/area_sweep_beacon200m_error_timeline.png>

LaTeX Warning: File `images/area_sweep_beacon200m_error_dist.png' not found on input line 2484.


/Users/kazuya/Projects/network-localization/thesis/paper/paper.tex:2484: LaTeX Error: Cannot determine size of graphic in images/area_sweep_beacon200m_error_dist.xbb (no BoundingBox).

See the LaTeX manual or LaTeX Companion for explanation.
Type  H <return>  for immediate help.
 ...                                              
                                                  
l.2484 ...es/area_sweep_beacon200m_error_dist.png}
                                                  
Try typing  <return>  to proceed.
If that doesn't work, type  X <return>  to quit.

File: images/area_sweep_beacon200m_error_dist.png Graphic file (type bmp)
<images/area_sweep_beacon200m_error_dist.png>


[58]

[59]

LaTeX Warning: Reference `fig:geometric_stability' on page 60 undefined on input line 2519.


LaTeX Warning: File `images/geometric_stability.png' not found on input line 2527.


/Users/kazuya/Projects/network-localization/thesis/paper/paper.tex:2527: LaTeX Error: Cannot determine size of graphic in images/geometric_stability.xbb (no BoundingBox).

See the LaTeX manual or LaTeX Companion for explanation.
Type  H <return>  for immediate help.
 ...                                              
                                                  
l.2527 ...mnwidth]{images/geometric_stability.png}
                                                  
Try typing  <return>  to proceed.
If that doesn't work, type  X <return>  to quit.

File: images/geometric_stability.png Graphic file (type bmp)
<images/geometric_stability.png>

LaTeX Warning: Reference `fig:diagonal_200m' on page 60 undefined on input line 2532.



[60]

[61]

LaTeX Warning: Reference `tab:gnss_comparison' on page 62 undefined on input line 2570.


LaTeX Warning: Reference `chap:uav_localization' on page 62 undefined on input line 2606.


LaTeX Warning: Reference `chap:infrastructure' on page 62 undefined on input line 2614.


LaTeX Warning: Reference `chap:uav_localization' on page 62 undefined on input line 2614.



[62]

[63]
Chapter 7.

Overfull \hbox (1.86621pt too wide) in paragraph at lines 2639--2642
\OT1/cmr/m/n/10.95 This the-sis has in-ves-ti-gated the fea-si-bil-ity of us-ing Low-Power Wide-Area (LPWA)
 []


LaTeX Warning: Reference `chap:uav_localization' on page 64 undefined on input line 2652.


LaTeX Warning: Reference `chap:infrastructure' on page 64 undefined on input line 2664.



[64

]
Overfull \hbox (1.65343pt too wide) in paragraph at lines 2672--2673
[]\OT1/cmr/m/n/10.95 The method demon-strates ro-bust-ness to the se-vere sig-nal at-ten-u-a-tion caused
 []


LaTeX Warning: Reference `chap:integration' on page 65 undefined on input line 2676.


Overfull \hbox (0.177pt too wide) in paragraph at lines 2685--2688
\OT1/cmr/m/n/10.95 LoRa-based po-si-tion-ing can-not match GNSS pre-ci-sion, it pro-vides a vi-able backup
 []


LaTeX Warning: Reference `chap:infrastructure' on page 65 undefined on input line 2698.


LaTeX Warning: Reference `chap:integration' on page 65 undefined on input line 2698.


Overfull \hbox (11.52379pt too wide) in paragraph at lines 2698--2701
 []\OT1/cmr/bx/n/10.95 Simulation-Based Eval-u-a-tion[] \OT1/cmr/m/n/10.95 The in-fras-truc-ture self-localization (Chap-ter [])
 []


Overfull \hbox (4.11015pt too wide) in paragraph at lines 2703--2705
 []\OT1/cmr/bx/n/10.95 Accuracy Lim-i-ta-tions[] \OT1/cmr/m/n/10.95 The achieved lo-cal-iza-tion ac-cu-racy, ap-prox-i-mately 120--
 []



[65]

LaTeX Warning: Reference `chap:uav_localization' on page 66 undefined on input line 2717.



[66] (./paper.bbl

[67]

[68

])

[69] (./paper.aux)
 ***********
LaTeX2e <2024-11-01> patch level 2
L3 programming layer <2025-01-18>
 ***********


LaTeX Warning: There were undefined references.


LaTeX Warning: Label(s) may have changed. Rerun to get cross-references right.


Package rerunfilecheck Warning: File `paper.out' has changed.
(rerunfilecheck)                Rerun to get outlines right
(rerunfilecheck)                or use package `bookmark'.

Package rerunfilecheck Info: Checksums for `paper.out':
(rerunfilecheck)             Before: <no file>
(rerunfilecheck)             After:  E56212CD08DF2DC355338E1B46E559FD;18649.
 ) 
Here is how much of TeX's memory you used:
 14263 strings out of 473190
 289398 string characters out of 5715801
 592555 words of memory out of 5000000
 36823 multiletter control sequences out of 15000+600000
 571628 words of font info for 84 fonts, out of 8000000 for 9000
 1141 hyphenation exceptions out of 8191
 75i,11n,79p,516b,555s stack positions out of 10000i,1000n,20000p,200000b,200000s
</usr/local/texlive/2025/texmf-dist/fonts/type1/public/amsfonts/cm/cmbx10.pfb></usr/local/texlive/2025/texmf-dist/fonts/type1/public/amsfonts/cm/cmbx12.pfb></usr/local/texlive/2025/texmf-dist/fonts/type1/public/amsfonts/cm/cmbx8.pfb></usr/local/texlive/2025/texmf-dist/fonts/type1/public/amsfonts/cm/cmex10.pfb></usr/local/texlive/2025/texmf-dist/fonts/type1/public/amsfonts/cm/cmmi10.pfb></usr/local/texlive/2025/texmf-dist/fonts/type1/public/amsfonts/cm/cmmi6.pfb></usr/local/texlive/2025/texmf-dist/fonts/type1/public/amsfonts/cm/cmmi8.pfb></usr/local/texlive/2025/texmf-dist/fonts/type1/public/amsfonts/cm/cmr10.pfb></usr/local/texlive/2025/texmf-dist/fonts/type1/public/amsfonts/cm/cmr12.pfb></usr/local/texlive/2025/texmf-dist/fonts/type1/public/amsfonts/cm/cmr6.pfb></usr/local/texlive/2025/texmf-dist/fonts/type1/public/amsfonts/cm/cmr7.pfb></usr/local/texlive/2025/texmf-dist/fonts/type1/public/amsfonts/cm/cmr8.pfb></usr/local/texlive/2025/texmf-dist/fonts/type1/public/amsfonts/cm/cmr9.pfb></usr/local/texlive/2025/texmf-dist/fonts/type1/public/amsfonts/cm/cmsy10.pfb></usr/local/texlive/2025/texmf-dist/fonts/type1/public/amsfonts/cm/cmsy6.pfb></usr/local/texlive/2025/texmf-dist/fonts/type1/public/amsfonts/cm/cmsy8.pfb></usr/local/texlive/2025/texmf-dist/fonts/type1/public/amsfonts/cm/cmti10.pfb></usr/local/texlive/2025/texmf-dist/fonts/type1/public/amsfonts/cm/cmtt10.pfb></usr/local/texlive/2025/texmf-dist/fonts/type1/public/amsfonts/symbols/msbm10.pfb></usr/local/texlive/2025/texmf-dist/fonts/type1/public/cm-super/sfrm1000.pfb></usr/local/texlive/2025/texmf-dist/fonts/type1/public/cm-super/sfrm1095.pfb>
Output written on paper.pdf (78 pages, 437518 bytes).
PDF statistics:
 967 PDF objects out of 1000 (max. 8388607)
 836 compressed objects within 9 object streams
 493 named destinations out of 1000 (max. 500000)
 1 words of extra memory for PDF output out of 10000 (max. 10000000)

