This is pdfTeX, Version 3.141592653-2.6-1.40.27 (TeX Live 2025) (preloaded format=pdflatex 2025.5.6)  16 JAN 2026 21:22
entering extended mode
 restricted \write18 enabled.
 file:line:error style messages enabled.
 %&-line parsing enabled.
**/Users/kazuya/Projects/network-localization/thesis/paper/summary.tex
(/Users/kazuya/Projects/network-localization/thesis/paper/summary.tex
LaTeX2e <2024-11-01> patch level 2
L3 programming layer <2025-01-18>
(/usr/local/texlive/2025/texmf-dist/tex/latex/base/article.cls
Document Class: article 2024/06/29 v1.4n Standard LaTeX document class
(/usr/local/texlive/2025/texmf-dist/tex/latex/base/size10.clo
File: size10.clo 2024/06/29 v1.4n Standard LaTeX file (size option)
)
\c@part=\count196
\c@section=\count197
\c@subsection=\count198
\c@subsubsection=\count199
\c@paragraph=\count266
\c@subparagraph=\count267
\c@figure=\count268
\c@table=\count269
\abovecaptionskip=\skip49
\belowcaptionskip=\skip50
\bibindent=\dimen141
) (/usr/local/texlive/2025/texmf-dist/tex/latex/geometry/geometry.sty
Package: geometry 2020/01/02 v5.9 Page Geometry
 (/usr/local/texlive/2025/texmf-dist/tex/latex/graphics/keyval.sty
Package: keyval 2022/05/29 v1.15 key=value parser (DPC)
\KV@toks@=\toks17
) (/usr/local/texlive/2025/texmf-dist/tex/generic/iftex/ifvtex.sty
Package: ifvtex 2019/10/25 v1.7 ifvtex legacy package. Use iftex instead.
 (/usr/local/texlive/2025/texmf-dist/tex/generic/iftex/iftex.sty
Package: iftex 2024/12/12 v1.0g TeX engine tests
))
\Gm@cnth=\count270
\Gm@cntv=\count271
\c@Gm@tempcnt=\count272
\Gm@bindingoffset=\dimen142
\Gm@wd@mp=\dimen143
\Gm@odd@mp=\dimen144
\Gm@even@mp=\dimen145
\Gm@layoutwidth=\dimen146
\Gm@layoutheight=\dimen147
\Gm@layouthoffset=\dimen148
\Gm@layoutvoffset=\dimen149
\Gm@dimlist=\toks18
) (/usr/local/texlive/2025/texmf-dist/tex/latex/amsmath/amsmath.sty
Package: amsmath 2024/11/05 v2.17t AMS math features
\@mathmargin=\skip51

For additional information on amsmath, use the `?' option.
(/usr/local/texlive/2025/texmf-dist/tex/latex/amsmath/amstext.sty
Package: amstext 2021/08/26 v2.01 AMS text
 (/usr/local/texlive/2025/texmf-dist/tex/latex/amsmath/amsgen.sty
File: amsgen.sty 1999/11/30 v2.0 generic functions
\@emptytoks=\toks19
\ex@=\dimen150
)) (/usr/local/texlive/2025/texmf-dist/tex/latex/amsmath/amsbsy.sty
Package: amsbsy 1999/11/29 v1.2d Bold Symbols
\pmbraise@=\dimen151
) (/usr/local/texlive/2025/texmf-dist/tex/latex/amsmath/amsopn.sty
Package: amsopn 2022/04/08 v2.04 operator names
)
\inf@bad=\count273
LaTeX Info: Redefining \frac on input line 233.
\uproot@=\count274
\leftroot@=\count275
LaTeX Info: Redefining \overline on input line 398.
LaTeX Info: Redefining \colon on input line 409.
\classnum@=\count276
\DOTSCASE@=\count277
LaTeX Info: Redefining \ldots on input line 495.
LaTeX Info: Redefining \dots on input line 498.
LaTeX Info: Redefining \cdots on input line 619.
\Mathstrutbox@=\box52
\strutbox@=\box53
LaTeX Info: Redefining \big on input line 721.
LaTeX Info: Redefining \Big on input line 722.
LaTeX Info: Redefining \bigg on input line 723.
LaTeX Info: Redefining \Bigg on input line 724.
\big@size=\dimen152
LaTeX Font Info:    Redeclaring font encoding OML on input line 742.
LaTeX Font Info:    Redeclaring font encoding OMS on input line 743.
\macc@depth=\count278
LaTeX Info: Redefining \bmod on input line 904.
LaTeX Info: Redefining \pmod on input line 909.
LaTeX Info: Redefining \smash on input line 939.
LaTeX Info: Redefining \relbar on input line 969.
LaTeX Info: Redefining \Relbar on input line 970.
\c@MaxMatrixCols=\count279
\dotsspace@=\muskip17
\c@parentequation=\count280
\dspbrk@lvl=\count281
\tag@help=\toks20
\row@=\count282
\column@=\count283
\maxfields@=\count284
\andhelp@=\toks21
\eqnshift@=\dimen153
\alignsep@=\dimen154
\tagshift@=\dimen155
\tagwidth@=\dimen156
\totwidth@=\dimen157
\lineht@=\dimen158
\@envbody=\toks22
\multlinegap=\skip52
\multlinetaggap=\skip53
\mathdisplay@stack=\toks23
LaTeX Info: Redefining \[ on input line 2953.
LaTeX Info: Redefining \] on input line 2954.
) (/usr/local/texlive/2025/texmf-dist/tex/latex/amsfonts/amssymb.sty
Package: amssymb 2013/01/14 v3.01 AMS font symbols
 (/usr/local/texlive/2025/texmf-dist/tex/latex/amsfonts/amsfonts.sty
Package: amsfonts 2013/01/14 v3.01 Basic AMSFonts support
\symAMSa=\mathgroup4
\symAMSb=\mathgroup5
LaTeX Font Info:    Redeclaring math symbol \hbar on input line 98.
LaTeX Font Info:    Overwriting math alphabet `\mathfrak' in version `bold'
(Font)                  U/euf/m/n --> U/euf/b/n on input line 106.
)) (/usr/local/texlive/2025/texmf-dist/tex/latex/psnfss/times.sty
Package: times 2020/03/25 PSNFSS-v9.3 (SPQR) 
) (/usr/local/texlive/2025/texmf-dist/tex/latex/enumitem/enumitem.sty
Package: enumitem 2025/02/06 v3.11 Customized lists
\labelindent=\skip54
\enit@outerparindent=\dimen159
\enit@toks=\toks24
\enit@inbox=\box54
\enit@count@id=\count285
\enitdp@description=\count286
) (/usr/local/texlive/2025/texmf-dist/tex/latex/cjk/texinput/CJKutf8.sty
Package: CJKutf8 2021/10/16 4.8.5
 (/usr/local/texlive/2025/texmf-dist/tex/generic/iftex/ifpdf.sty
Package: ifpdf 2019/10/25 v3.4 ifpdf legacy package. Use iftex instead.
) (/usr/local/texlive/2025/texmf-dist/tex/latex/base/inputenc.sty
Package: inputenc 2024/02/08 v1.3d Input encoding file
\inpenc@prehook=\toks25
\inpenc@posthook=\toks26
) (/usr/local/texlive/2025/texmf-dist/tex/latex/cjk/texinput/CJK.sty
Package: CJK 2021/10/16 4.8.5
 (/usr/local/texlive/2025/texmf-dist/tex/latex/cjk/texinput/mule/MULEenc.sty
Package: MULEenc 2021/10/16 4.8.5
) (/usr/local/texlive/2025/texmf-dist/tex/latex/cjk/texinput/CJK.enc
File: CJK.enc 2021/10/16 4.8.5
Now handling font encoding C00 ...
... no UTF-8 mapping file for font encoding C00
Now handling font encoding C05 ...
... no UTF-8 mapping file for font encoding C05
Now handling font encoding C09 ...
... no UTF-8 mapping file for font encoding C09
Now handling font encoding C10 ...
... no UTF-8 mapping file for font encoding C10
Now handling font encoding C20 ...
... no UTF-8 mapping file for font encoding C20
Now handling font encoding C19 ...
... no UTF-8 mapping file for font encoding C19
Now handling font encoding C40 ...
... no UTF-8 mapping file for font encoding C40
Now handling font encoding C42 ...
... no UTF-8 mapping file for font encoding C42
Now handling font encoding C43 ...
... no UTF-8 mapping file for font encoding C43
Now handling font encoding C50 ...
... no UTF-8 mapping file for font encoding C50
Now handling font encoding C52 ...
... no UTF-8 mapping file for font encoding C52
Now handling font encoding C49 ...
... no UTF-8 mapping file for font encoding C49
Now handling font encoding C60 ...
... no UTF-8 mapping file for font encoding C60
Now handling font encoding C61 ...
... no UTF-8 mapping file for font encoding C61
Now handling font encoding C63 ...
... no UTF-8 mapping file for font encoding C63
Now handling font encoding C64 ...
... no UTF-8 mapping file for font encoding C64
Now handling font encoding C65 ...
... no UTF-8 mapping file for font encoding C65
Now handling font encoding C70 ...
... no UTF-8 mapping file for font encoding C70
Now handling font encoding C31 ...
... no UTF-8 mapping file for font encoding C31
Now handling font encoding C32 ...
... no UTF-8 mapping file for font encoding C32
Now handling font encoding C33 ...
... no UTF-8 mapping file for font encoding C33
Now handling font encoding C34 ...
... no UTF-8 mapping file for font encoding C34
Now handling font encoding C35 ...
... no UTF-8 mapping file for font encoding C35
Now handling font encoding C36 ...
... no UTF-8 mapping file for font encoding C36
Now handling font encoding C37 ...
... no UTF-8 mapping file for font encoding C37
Now handling font encoding C80 ...
... no UTF-8 mapping file for font encoding C80
Now handling font encoding C81 ...
... no UTF-8 mapping file for font encoding C81
Now handling font encoding C01 ...
... no UTF-8 mapping file for font encoding C01
Now handling font encoding C11 ...
... no UTF-8 mapping file for font encoding C11
Now handling font encoding C21 ...
... no UTF-8 mapping file for font encoding C21
Now handling font encoding C41 ...
... no UTF-8 mapping file for font encoding C41
Now handling font encoding C62 ...
... no UTF-8 mapping file for font encoding C62
)
\CJK@indent=\box55
) (/usr/local/texlive/2025/texmf-dist/tex/latex/base/fontenc.sty
Package: fontenc 2021/04/29 v2.0v Standard LaTeX package
LaTeX Font Info:    Trying to load font information for OT1+ptm on input line 116.
 (/usr/local/texlive/2025/texmf-dist/tex/latex/psnfss/ot1ptm.fd
File: ot1ptm.fd 2001/06/04 font definitions for OT1/ptm.
))) (/usr/local/texlive/2025/texmf-dist/tex/latex/graphics/graphicx.sty
Package: graphicx 2021/09/16 v1.2d Enhanced LaTeX Graphics (DPC,SPQR)
 (/usr/local/texlive/2025/texmf-dist/tex/latex/graphics/graphics.sty
Package: graphics 2024/08/06 v1.4g Standard LaTeX Graphics (DPC,SPQR)
 (/usr/local/texlive/2025/texmf-dist/tex/latex/graphics/trig.sty
Package: trig 2023/12/02 v1.11 sin cos tan (DPC)
) (/usr/local/texlive/2025/texmf-dist/tex/latex/graphics-cfg/graphics.cfg
File: graphics.cfg 2016/06/04 v1.11 sample graphics configuration
)
Package graphics Info: Driver file: dvipdfmx.def on input line 106.
 (/usr/local/texlive/2025/texmf-dist/tex/latex/graphics-def/dvipdfmx.def
File: dvipdfmx.def 2022/09/22 v5.0m Graphics/color driver for dvipdfmx
))
\Gin@req@height=\dimen160
\Gin@req@width=\dimen161
) (/usr/local/texlive/2025/texmf-dist/tex/latex/cite/cite.sty
LaTeX Info: Redefining \cite on input line 302.
LaTeX Info: Redefining \nocite on input line 332.
Package: cite 2015/02/27  v 5.5
) (/usr/local/texlive/2025/texmf-dist/tex/latex/url/url.sty
\Urlmuskip=\muskip18
Package: url 2013/09/16  ver 3.4  Verb mode for urls, etc.
) (/usr/local/texlive/2025/texmf-dist/tex/latex/booktabs/booktabs.sty
Package: booktabs 2020/01/12 v1.61803398 Publication quality tables
\heavyrulewidth=\dimen162
\lightrulewidth=\dimen163
\cmidrulewidth=\dimen164
\belowrulesep=\dimen165
\belowbottomsep=\dimen166
\aboverulesep=\dimen167
\abovetopsep=\dimen168
\cmidrulesep=\dimen169
\cmidrulekern=\dimen170
\defaultaddspace=\dimen171
\@cmidla=\count287
\@cmidlb=\count288
\@aboverulesep=\dimen172
\@belowrulesep=\dimen173
\@thisruleclass=\count289
\@lastruleclass=\count290
\@thisrulewidth=\dimen174
) (/usr/local/texlive/2025/texmf-dist/tex/latex/caption/caption.sty
Package: caption 2023/08/05 v3.6o Customizing captions (AR)
 (/usr/local/texlive/2025/texmf-dist/tex/latex/caption/caption3.sty
Package: caption3 2023/07/31 v2.4d caption3 kernel (AR)
\caption@tempdima=\dimen175
\captionmargin=\dimen176
\caption@leftmargin=\dimen177
\caption@rightmargin=\dimen178
\caption@width=\dimen179
\caption@indent=\dimen180
\caption@parindent=\dimen181
\caption@hangindent=\dimen182
Package caption Info: Standard document class detected.
)
\c@caption@flags=\count291
\c@continuedfloat=\count292
) (/usr/local/texlive/2025/texmf-dist/tex/latex/l3backend/l3backend-pdftex.def
File: l3backend-pdftex.def 2024-05-08 L3 backend support: PDF output (pdfTeX)
\l__color_backend_stack_int=\count293
\l__pdf_internal_box=\box56
)
No file summary.aux.
\openout1 = `summary.aux'.

LaTeX Font Info:    Checking defaults for OML/cmm/m/it on input line 30.
LaTeX Font Info:    ... okay on input line 30.
LaTeX Font Info:    Checking defaults for OMS/cmsy/m/n on input line 30.
LaTeX Font Info:    ... okay on input line 30.
LaTeX Font Info:    Checking defaults for OT1/cmr/m/n on input line 30.
LaTeX Font Info:    ... okay on input line 30.
LaTeX Font Info:    Checking defaults for T1/cmr/m/n on input line 30.
LaTeX Font Info:    ... okay on input line 30.
LaTeX Font Info:    Checking defaults for TS1/cmr/m/n on input line 30.
LaTeX Font Info:    ... okay on input line 30.
LaTeX Font Info:    Checking defaults for OMX/cmex/m/n on input line 30.
LaTeX Font Info:    ... okay on input line 30.
LaTeX Font Info:    Checking defaults for U/cmr/m/n on input line 30.
LaTeX Font Info:    ... okay on input line 30.
LaTeX Font Info:    Checking defaults for C00/song/m/n on input line 30.
LaTeX Font Info:    ... okay on input line 30.
LaTeX Font Info:    Checking defaults for C05/song/m/n on input line 30.
LaTeX Font Info:    ... okay on input line 30.
LaTeX Font Info:    Checking defaults for C09/song/m/n on input line 30.
LaTeX Font Info:    ... okay on input line 30.
LaTeX Font Info:    Checking defaults for C10/song/m/n on input line 30.
LaTeX Font Info:    ... okay on input line 30.
LaTeX Font Info:    Checking defaults for C20/song/m/n on input line 30.
LaTeX Font Info:    ... okay on input line 30.
LaTeX Font Info:    Checking defaults for C19/song/m/n on input line 30.
LaTeX Font Info:    ... okay on input line 30.
LaTeX Font Info:    Checking defaults for C40/song/m/n on input line 30.
LaTeX Font Info:    ... okay on input line 30.
LaTeX Font Info:    Checking defaults for C42/song/m/n on input line 30.
LaTeX Font Info:    ... okay on input line 30.
LaTeX Font Info:    Checking defaults for C43/song/m/n on input line 30.
LaTeX Font Info:    ... okay on input line 30.
LaTeX Font Info:    Checking defaults for C50/song/m/n on input line 30.
LaTeX Font Info:    ... okay on input line 30.
LaTeX Font Info:    Checking defaults for C52/song/m/n on input line 30.
LaTeX Font Info:    ... okay on input line 30.
LaTeX Font Info:    Checking defaults for C49/song/m/n on input line 30.
LaTeX Font Info:    ... okay on input line 30.
LaTeX Font Info:    Checking defaults for C60/mj/m/n on input line 30.
LaTeX Font Info:    ... okay on input line 30.
LaTeX Font Info:    Checking defaults for C61/mj/m/n on input line 30.
LaTeX Font Info:    ... okay on input line 30.
LaTeX Font Info:    Checking defaults for C63/mj/m/n on input line 30.
LaTeX Font Info:    ... okay on input line 30.
LaTeX Font Info:    Checking defaults for C64/mj/m/n on input line 30.
LaTeX Font Info:    ... okay on input line 30.
LaTeX Font Info:    Checking defaults for C65/mj/m/n on input line 30.
LaTeX Font Info:    ... okay on input line 30.
LaTeX Font Info:    Checking defaults for C70/song/m/n on input line 30.
LaTeX Font Info:    ... okay on input line 30.
LaTeX Font Info:    Checking defaults for C31/song/m/n on input line 30.
LaTeX Font Info:    ... okay on input line 30.
LaTeX Font Info:    Checking defaults for C32/song/m/n on input line 30.
LaTeX Font Info:    ... okay on input line 30.
LaTeX Font Info:    Checking defaults for C33/song/m/n on input line 30.
LaTeX Font Info:    ... okay on input line 30.
LaTeX Font Info:    Checking defaults for C34/song/m/n on input line 30.
LaTeX Font Info:    ... okay on input line 30.
LaTeX Font Info:    Checking defaults for C35/song/m/n on input line 30.
LaTeX Font Info:    ... okay on input line 30.
LaTeX Font Info:    Checking defaults for C36/song/m/n on input line 30.
LaTeX Font Info:    ... okay on input line 30.
LaTeX Font Info:    Checking defaults for C37/song/m/n on input line 30.
LaTeX Font Info:    ... okay on input line 30.
LaTeX Font Info:    Checking defaults for C80/song/m/n on input line 30.
LaTeX Font Info:    ... okay on input line 30.
LaTeX Font Info:    Checking defaults for C81/song/m/n on input line 30.
LaTeX Font Info:    ... okay on input line 30.
LaTeX Font Info:    Checking defaults for C01/song/m/n on input line 30.
LaTeX Font Info:    ... okay on input line 30.
LaTeX Font Info:    Checking defaults for C11/song/m/n on input line 30.
LaTeX Font Info:    ... okay on input line 30.
LaTeX Font Info:    Checking defaults for C21/song/m/n on input line 30.
LaTeX Font Info:    ... okay on input line 30.
LaTeX Font Info:    Checking defaults for C41/song/m/n on input line 30.
LaTeX Font Info:    ... okay on input line 30.
LaTeX Font Info:    Checking defaults for C62/song/m/n on input line 30.
LaTeX Font Info:    ... okay on input line 30.
*geometry* driver: auto-detecting
*geometry* detected driver: pdftex
*geometry* verbose mode - [ preamble ] result:
* driver: pdftex
* paper: a4paper
* layout: <same size as paper>
* layoutoffset:(h,v)=(0.0pt,0.0pt)
* modes: 
* h-part:(L,W,R)=(54.06023pt, 489.38742pt, 54.06023pt)
* v-part:(T,H,B)=(54.06023pt, 736.92639pt, 54.06023pt)
* \paperwidth=597.50787pt
* \paperheight=845.04684pt
* \textwidth=489.38742pt
* \textheight=736.92639pt
* \oddsidemargin=-18.20976pt
* \evensidemargin=-18.20976pt
* \topmargin=-55.20976pt
* \headheight=12.0pt
* \headsep=25.0pt
* \topskip=10.0pt
* \footskip=30.0pt
* \marginparwidth=4.0pt
* \marginparsep=10.0pt
* \columnsep=10.0pt
* \skip\footins=9.0pt plus 4.0pt minus 2.0pt
* \hoffset=0.0pt
* \voffset=0.0pt
* \mag=1000
* \@twocolumntrue
* \@twosidefalse
* \@mparswitchfalse
* \@reversemarginfalse
* (1in=72.27pt=25.4mm, 1cm=28.453pt)

Package caption Info: Begin \AtBeginDocument code.
Package caption Info: End \AtBeginDocument code.
(/usr/local/texlive/2025/texmf-dist/tex/latex/cjk/texinput/UTF8/UTF8.bdg
File: UTF8.bdg 2021/10/16 4.8.5
) (/usr/local/texlive/2025/texmf-dist/tex/latex/cjk/texinput/UTF8/UTF8.enc
File: UTF8.enc 2021/10/16 4.8.5
) (/usr/local/texlive/2025/texmf-dist/tex/latex/cjk/texinput/UTF8/UTF8.chr
File: UTF8.chr 2021/10/16 4.8.5
)
LaTeX Font Info:    Trying to load font information for C70+ipxm on input line 65.
 (/usr/local/texlive/2025/texmf-dist/tex/latex/ipaex-type1/c70ipxm.fd
File: c70ipxm.fd 2018/05/05 v0.5
) (/usr/local/texlive/2025/texmf-dist/tex/latex/ipaex-type1/c70ipxm.fdx
File: c70ipxm.fdx 2018/05/05 v0.5
)
LaTeX Font Info:    Font shape `C70/ipxm/b/n'
(Font)              in size <14.4> not available.
(Font)              Font shape `C70/ipxm/m/n'
(Font)              tried instead on input line 65.


LaTeX Warning: Citation `ref_lpwan_survey' on page 1 undefined on input line 75.


LaTeX Warning: Citation `goldoni2019lora' on page 1 undefined on input line 79.


Underfull \vbox (badness 10000) has occurred while \output is active []




LaTeX Warning: Citation `zafari2019survey' on page 1 undefined on input line 105.


LaTeX Warning: Citation `pospisil2020tdoa' on page 1 undefined on input line 106.


LaTeX Warning: Citation `ref_aoa_lora' on page 1 undefined on input line 107.



[1
Non-PDF special ignored!
<special> papersize=597.50787pt,845.04684pt
{/usr/local/texlive/2025/texmf-var/fonts/map/pdftex/updmap/pdftex.map}{/usr/local/texlive/2025/texmf-dist/fonts/enc/dvips/base/8r.enc}{/usr/local/texlive/2025/texmf-dist/fonts/enc/dvips/ipaex-type1/ipxt1-u5e.enc}{/usr/local/texlive/2025/texmf-dist/fonts/enc/dvips/ipaex-type1/ipxt1-u67.enc}{/usr/local/texlive/2025/texmf-dist/fonts/enc/dvips/ipaex-type1/ipxt1-u4f.enc}{/usr/local/texlive/2025/texmf-dist/fonts/enc/dvips/ipaex-type1/ipxt1-u4e.enc}{/usr/local/texlive/2025/texmf-dist/fonts/enc/dvips/ipaex-type1/ipxt1-u80.enc}{/usr/local/texlive/2025/texmf-dist/fonts/enc/dvips/ipaex-type1/ipxt1-u58.enc}{/usr/local/texlive/2025/texmf-dist/fonts/enc/dvips/ipaex-type1/ipxt1-u8a.enc}{/usr/local/texlive/2025/texmf-dist/fonts/enc/dvips/ipaex-type1/ipxt1-u65.enc}{/usr/local/texlive/2025/texmf-dist/fonts/enc/dvips/ipaex-type1/ipxt1-u76.enc}{/usr/local/texlive/2025/texmf-dist/fonts/enc/dvips/ipaex-type1/ipxt1-u88.enc}{/usr/local/texlive/2025/texmf-dist/fonts/enc/dvips/ipaex-type1/ipxt1-u89.enc}{/usr/local/texlive/2025/texmf-dist/fonts/enc/dvips/ipaex-type1/ipxt1-uff.enc}{/usr/local/texlive/2025/texmf-dist/fonts/enc/dvips/ipaex-type1/ipxt1-u59.enc}{/usr/local/texlive/2025/texmf-dist/fonts/enc/dvips/ipaex-type1/ipxt1-u5b.enc}{/usr/local/texlive/2025/texmf-dist/fonts/enc/dvips/ipaex-type1/ipxt1-u5d.enc}{/usr/local/texlive/2025/texmf-dist/fonts/enc/dvips/ipaex-type1/ipxt1-u7c.enc}{/usr/local/texlive/2025/texmf-dist/fonts/enc/dvips/ipaex-type1/ipxt1-u78.enc}{/usr/local/texlive/2025/texmf-dist/fonts/enc/dvips/ipaex-type1/ipxt1-u7a.enc}{/usr/local/texlive/2025/texmf-dist/fonts/enc/dvips/ipaex-type1/ipxt1-u79.enc}{/usr/local/texlive/2025/texmf-dist/fonts/enc/dvips/ipaex-type1/ipxt1-u30.enc}{/usr/local/texlive/2025/texmf-dist/fonts/enc/dvips/ipaex-type1/ipxt1-u52.enc}{/usr/local/texlive/2025/texmf-dist/fonts/enc/dvips/ipaex-type1/ipxt1-u62.enc}{/usr/local/texlive/2025/texmf-dist/fonts/enc/dvips/ipaex-type1/ipxt1-u5c.enc}{/usr/local/texlive/2025/texmf-dist/fonts/enc/dvips/ipaex-type1/ipxt1-u97.enc}{/usr/local/texlive/2025/texmf-dist/fonts/enc/dvips/ipaex-type1/ipxt1-u74.enc}{/usr/local/texlive/2025/texmf-dist/fonts/enc/dvips/ipaex-type1/ipxt1-u54.enc}{/usr/local/texlive/2025/texmf-dist/fonts/enc/dvips/ipaex-type1/ipxt1-u96.enc}{/usr/local/texlive/2025/texmf-dist/fonts/enc/dvips/ipaex-type1/ipxt1-u6e.enc}{/usr/local/texlive/2025/texmf-dist/fonts/enc/dvips/ipaex-type1/ipxt1-u75.enc}{/usr/local/texlive/2025/texmf-dist/fonts/enc/dvips/ipaex-type1/ipxt1-u53.enc}{/usr/local/texlive/2025/texmf-dist/fonts/enc/dvips/ipaex-type1/ipxt1-u6d.enc}{/usr/local/texlive/2025/texmf-dist/fonts/enc/dvips/ipaex-type1/ipxt1-u63.enc}{/usr/local/texlive/2025/texmf-dist/fonts/enc/dvips/ipaex-type1/ipxt1-u5f.enc}{/usr/local/texlive/2025/texmf-dist/fonts/enc/dvips/ipaex-type1/ipxt1-u51.enc}{/usr/local/texlive/2025/texmf-dist/fonts/enc/dvips/ipaex-type1/ipxt1-u7f.enc}


]

LaTeX Warning: Citation `ref_slam' on page 2 undefined on input line 111.


LaTeX Warning: Citation `vazquez2020rssi' on page 2 undefined on input line 113.


LaTeX Warning: Citation `huber1964robust' on page 2 undefined on input line 115.


LaTeX Warning: Citation `hada2025hybrid' on page 2 undefined on input line 119.


LaTeX Warning: Citation `purohit2020fingerprinting' on page 2 undefined on input line 120.


LaTeX Warning: Citation `yan2021gnn' on page 2 undefined on input line 121.


LaTeX Warning: Reference `fig:architecture' on page 2 undefined on input line 125.

LaTeX Font Info:    Trying to load font information for TS1+ptm on input line 127.
(/usr/local/texlive/2025/texmf-dist/tex/latex/psnfss/ts1ptm.fd
File: ts1ptm.fd 2001/06/04 font definitions for TS1/ptm.
)

LaTeX Warning: File `images/system_architecture.png' not found on input line 140.


/Users/kazuya/Projects/network-localization/thesis/paper/summary.tex:140: LaTeX Error: Cannot determine size of graphic in images/system_architecture.xbb (no BoundingBox).

See the LaTeX manual or LaTeX Companion for explanation.
Type  H <return>  for immediate help.
 ...                                              
                                                  
l.140 ...umnwidth]{images/system_architecture.png}
                                                  
Try typing  <return>  to proceed.
If that doesn't work, type  X <return>  to quit.

File: images/system_architecture.png Graphic file (type bmp)
<images/system_architecture.png>

LaTeX Warning: Citation `hirotsu2024lora' on page 2 undefined on input line 146.


Underfull \vbox (badness 10000) has occurred while \output is active []




LaTeX Warning: Citation `huber1964robust' on page 2 undefined on input line 152.

LaTeX Font Info:    Trying to load font information for U+msa on input line 152.
(/usr/local/texlive/2025/texmf-dist/tex/latex/amsfonts/umsa.fd
File: umsa.fd 2013/01/14 v3.01 AMS symbols A
)
LaTeX Font Info:    Trying to load font information for U+msb on input line 152.
 (/usr/local/texlive/2025/texmf-dist/tex/latex/amsfonts/umsb.fd
File: umsb.fd 2013/01/14 v3.01 AMS symbols B
)

LaTeX Warning: Reference `tab:ch4' on page 2 undefined on input line 155.


LaTeX Warning: Reference `fig:scalability' on page 2 undefined on input line 159.



[2]

LaTeX Warning: File `method_comparison.png' not found on input line 183.


/Users/kazuya/Projects/network-localization/thesis/paper/summary.tex:183: LaTeX Error: Cannot determine size of graphic in method_comparison.xbb (no BoundingBox).

See the LaTeX manual or LaTeX Companion for explanation.
Type  H <return>  for immediate help.
 ...                                              
                                                  
l.183 ...=0.85\columnwidth]{method_comparison.png}
                                                  
Try typing  <return>  to proceed.
If that doesn't work, type  X <return>  to quit.

File: method_comparison.png Graphic file (type bmp)
<method_comparison.png>

Underfull \hbox (badness 1297) in paragraph at lines 188--188
[]\OT1/ptm/b/n/14.4 5. Infrastructure-Side Lo-cal-iza-tion:
 []


LaTeX Warning: Citation `simonovsky2017nnconv' on page 3 undefined on input line 192.


LaTeX Warning: Reference `fig:eval_area' on page 3 undefined on input line 197.




LaTeX Warning: File `images/experiment_area_comparison.png' not found on input line 201.


/Users/kazuya/Projects/network-localization/thesis/paper/summary.tex:201: LaTeX Error: Cannot determine size of graphic in images/experiment_area_comparison.xbb (no BoundingBox).

See the LaTeX manual or LaTeX Companion for explanation.
Type  H <return>  for immediate help.
 ...                                              
                                                  
l.201 ...h]{images/experiment_area_comparison.png}
                                                  
Try typing  <return>  to proceed.
If that doesn't work, type  X <return>  to quit.

File: images/experiment_area_comparison.png Graphic file (type bmp)
<images/experiment_area_comparison.png>

LaTeX Warning: Reference `tab:ch5' on page 3 undefined on input line 206.


LaTeX Warning: Reference `fig:cdf' on page 3 undefined on input line 208.


LaTeX Warning: Reference `fig:qualitative' on page 3 undefined on input line 210.


LaTeX Warning: File `images/three_methods_cdf.png' not found on input line 231.


/Users/kazuya/Projects/network-localization/thesis/paper/summary.tex:231: LaTeX Error: Cannot determine size of graphic in images/three_methods_cdf.xbb (no BoundingBox).

See the LaTeX manual or LaTeX Companion for explanation.
Type  H <return>  for immediate help.
 ...                                              
                                                  
l.231 ...olumnwidth]{images/three_methods_cdf.png}
                                                  
Try typing  <return>  to proceed.
If that doesn't work, type  X <return>  to quit.

File: images/three_methods_cdf.png Graphic file (type bmp)
<images/three_methods_cdf.png>

LaTeX Warning: File `images/sample_visualization_loaded_model_trained_localization_model_64beacons_1000instances_fixed_power13.png' not found on input line 239.


/Users/kazuya/Projects/network-localization/thesis/paper/summary.tex:239: LaTeX Error: Cannot determine size of graphic in images/sample_visualization_loaded_model_trained_localization_model_64beacons_1000instances_fixed_power13.xbb (no BoundingBox).

See the LaTeX manual or LaTeX Companion for explanation.
Type  H <return>  for immediate help.
 ...                                              
                                                  
l.239 ...4beacons_1000instances_fixed_power13.png}
                                                   &
Try typing  <return>  to proceed.
If that doesn't work, type  X <return>  to quit.

File: images/sample_visualization_loaded_model_trained_localization_model_64beacons_1000instances_fixed_power13.png Graphic file (type bmp)
<images/sample_visualization_loaded_model_trained_localization_model_64beacons_1000instances_fixed_power13.png>

LaTeX Warning: File `images/sample_visualization_loaded_model_trained_localization_model_64beacons_1000instances_fixed_no_rssi2dist.png' not found on input line 240.


/Users/kazuya/Projects/network-localization/thesis/paper/summary.tex:240: LaTeX Error: Cannot determine size of graphic in images/sample_visualization_loaded_model_trained_localization_model_64beacons_1000instances_fixed_no_rssi2dist.xbb (no BoundingBox).

See the LaTeX manual or LaTeX Companion for explanation.
Type  H <return>  for immediate help.
 ...                                              
                                                  
l.240 ...ons_1000instances_fixed_no_rssi2dist.png}
                                                   &
Try typing  <return>  to proceed.
If that doesn't work, type  X <return>  to quit.

File: images/sample_visualization_loaded_model_trained_localization_model_64beacons_1000instances_fixed_no_rssi2dist.png Graphic file (type bmp)
<images/sample_visualization_loaded_model_trained_localization_model_64beacons_1000instances_fixed_no_rssi2dist.png>

LaTeX Warning: File `images/sample_visualization_loaded_model_mlat_64beacons_100instances.png' not found on input line 241.


/Users/kazuya/Projects/network-localization/thesis/paper/summary.tex:241: LaTeX Error: Cannot determine size of graphic in images/sample_visualization_loaded_model_mlat_64beacons_100instances.xbb (no BoundingBox).

See the LaTeX manual or LaTeX Companion for explanation.
Type  H <return>  for immediate help.
 ...                                              
                                                  
l.241 ...ed_model_mlat_64beacons_100instances.png}
                                                   \\[-1mm]
Try typing  <return>  to proceed.
If that doesn't work, type  X <return>  to quit.

File: images/sample_visualization_loaded_model_mlat_64beacons_100instances.png Graphic file (type bmp)
<images/sample_visualization_loaded_model_mlat_64beacons_100instances.png>


[3]

LaTeX Warning: Reference `fig:flight' on page 4 undefined on input line 259.


LaTeX Warning: File `images/diagonal_beacon0m_path.png' not found on input line 274.


/Users/kazuya/Projects/network-localization/thesis/paper/summary.tex:274: LaTeX Error: Cannot determine size of graphic in images/diagonal_beacon0m_path.xbb (no BoundingBox).

See the LaTeX manual or LaTeX Companion for explanation.
Type  H <return>  for immediate help.
 ...                                              
                                                  
l.274 ...width]{images/diagonal_beacon0m_path.png}
                                                   &
Try typing  <return>  to proceed.
If that doesn't work, type  X <return>  to quit.

File: images/diagonal_beacon0m_path.png Graphic file (type bmp)
<images/diagonal_beacon0m_path.png>

LaTeX Warning: File `images/diagonal_beacon200m_path.png' not found on input line 275.


/Users/kazuya/Projects/network-localization/thesis/paper/summary.tex:275: LaTeX Error: Cannot determine size of graphic in images/diagonal_beacon200m_path.xbb (no BoundingBox).

See the LaTeX manual or LaTeX Companion for explanation.
Type  H <return>  for immediate help.
 ...                                              
                                                  
l.275 ...dth]{images/diagonal_beacon200m_path.png}
                                                   \\
Try typing  <return>  to proceed.
If that doesn't work, type  X <return>  to quit.

File: images/diagonal_beacon200m_path.png Graphic file (type bmp)
<images/diagonal_beacon200m_path.png>

Overfull \hbox (14.41023pt too wide) in paragraph at lines 273--278
 [][] 
 []


Underfull \vbox (badness 10000) has occurred while \output is active []



(./summary.bbl)

[4] (./summary.aux)
 ***********
LaTeX2e <2024-11-01> patch level 2
L3 programming layer <2025-01-18>
 ***********


LaTeX Warning: There were undefined references.


LaTeX Warning: Label(s) may have changed. Rerun to get cross-references right.

 ) 
Here is how much of TeX's memory you used:
 7346 strings out of 473190
 134123 string characters out of 5715801
 514728 words of memory out of 5000000
 30390 multiletter control sequences out of 15000+600000
 588807 words of font info for 116 fonts, out of 8000000 for 9000
 1141 hyphenation exceptions out of 8191
 59i,9n,65p,506b,1160s stack positions out of 10000i,1000n,20000p,200000b,200000s
</usr/local/texlive/2025/texmf-dist/fonts/type1/public/amsfonts/cm/cmmi10.pfb></usr/local/texlive/2025/texmf-dist/fonts/type1/public/amsfonts/cm/cmsy10.pfb></usr/local/texlive/2025/texmf-dist/fonts/type1/public/ipaex-type1/ipxm-r-u30.pfb></usr/local/texlive/2025/texmf-dist/fonts/type1/public/ipaex-type1/ipxm-r-u4e.pfb></usr/local/texlive/2025/texmf-dist/fonts/type1/public/ipaex-type1/ipxm-r-u4f.pfb></usr/local/texlive/2025/texmf-dist/fonts/type1/public/ipaex-type1/ipxm-r-u51.pfb></usr/local/texlive/2025/texmf-dist/fonts/type1/public/ipaex-type1/ipxm-r-u52.pfb></usr/local/texlive/2025/texmf-dist/fonts/type1/public/ipaex-type1/ipxm-r-u53.pfb></usr/local/texlive/2025/texmf-dist/fonts/type1/public/ipaex-type1/ipxm-r-u54.pfb></usr/local/texlive/2025/texmf-dist/fonts/type1/public/ipaex-type1/ipxm-r-u58.pfb></usr/local/texlive/2025/texmf-dist/fonts/type1/public/ipaex-type1/ipxm-r-u59.pfb></usr/local/texlive/2025/texmf-dist/fonts/type1/public/ipaex-type1/ipxm-r-u5b.pfb></usr/local/texlive/2025/texmf-dist/fonts/type1/public/ipaex-type1/ipxm-r-u5c.pfb></usr/local/texlive/2025/texmf-dist/fonts/type1/public/ipaex-type1/ipxm-r-u5d.pfb></usr/local/texlive/2025/texmf-dist/fonts/type1/public/ipaex-type1/ipxm-r-u5e.pfb></usr/local/texlive/2025/texmf-dist/fonts/type1/public/ipaex-type1/ipxm-r-u5f.pfb></usr/local/texlive/2025/texmf-dist/fonts/type1/public/ipaex-type1/ipxm-r-u62.pfb></usr/local/texlive/2025/texmf-dist/fonts/type1/public/ipaex-type1/ipxm-r-u63.pfb></usr/local/texlive/2025/texmf-dist/fonts/type1/public/ipaex-type1/ipxm-r-u65.pfb></usr/local/texlive/2025/texmf-dist/fonts/type1/public/ipaex-type1/ipxm-r-u67.pfb></usr/local/texlive/2025/texmf-dist/fonts/type1/public/ipaex-type1/ipxm-r-u6d.pfb></usr/local/texlive/2025/texmf-dist/fonts/type1/public/ipaex-type1/ipxm-r-u6e.pfb></usr/local/texlive/2025/texmf-dist/fonts/type1/public/ipaex-type1/ipxm-r-u74.pfb></usr/local/texlive/2025/texmf-dist/fonts/type1/public/ipaex-type1/ipxm-r-u75.pfb></usr/local/texlive/2025/texmf-dist/fonts/type1/public/ipaex-type1/ipxm-r-u76.pfb></usr/local/texlive/2025/texmf-dist/fonts/type1/public/ipaex-type1/ipxm-r-u78.pfb></usr/local/texlive/2025/texmf-dist/fonts/type1/public/ipaex-type1/ipxm-r-u79.pfb></usr/local/texlive/2025/texmf-dist/fonts/type1/public/ipaex-type1/ipxm-r-u7a.pfb></usr/local/texlive/2025/texmf-dist/fonts/type1/public/ipaex-type1/ipxm-r-u7c.pfb></usr/local/texlive/2025/texmf-dist/fonts/type1/public/ipaex-type1/ipxm-r-u7f.pfb></usr/local/texlive/2025/texmf-dist/fonts/type1/public/ipaex-type1/ipxm-r-u80.pfb></usr/local/texlive/2025/texmf-dist/fonts/type1/public/ipaex-type1/ipxm-r-u88.pfb></usr/local/texlive/2025/texmf-dist/fonts/type1/public/ipaex-type1/ipxm-r-u89.pfb></usr/local/texlive/2025/texmf-dist/fonts/type1/public/ipaex-type1/ipxm-r-u8a.pfb></usr/local/texlive/2025/texmf-dist/fonts/type1/public/ipaex-type1/ipxm-r-u96.pfb></usr/local/texlive/2025/texmf-dist/fonts/type1/public/ipaex-type1/ipxm-r-u97.pfb></usr/local/texlive/2025/texmf-dist/fonts/type1/public/ipaex-type1/ipxm-r-uff.pfb></usr/local/texlive/2025/texmf-dist/fonts/type1/urw/times/utmb8a.pfb></usr/local/texlive/2025/texmf-dist/fonts/type1/urw/times/utmr8a.pfb></usr/local/texlive/2025/texmf-dist/fonts/type1/urw/times/utmri8a.pfb>
Output written on summary.pdf (4 pages, 284886 bytes).
PDF statistics:
 289 PDF objects out of 1000 (max. 8388607)
 166 compressed objects within 2 object streams
 0 named destinations out of 1000 (max. 500000)
 141 words of extra memory for PDF output out of 10000 (max. 10000000)

